[0.014s] Invoking command in '/home/genisis/Boneparte/build/lbr_description': CMAKE_PREFIX_PATH=/opt/ros/humble /usr/bin/cmake /home/genisis/Boneparte/src/manipulation/lbr_description -DAMENT_CMAKE_SYMLINK_INSTALL=1 -DCMAKE_INSTALL_PREFIX=/home/genisis/Boneparte/install/lbr_description
[0.027s] -- Found ament_cmake: 1.3.11 (/opt/ros/humble/share/ament_cmake/cmake)
[0.322s] -- Found Python3: /usr/bin/python3 (found version "3.10.12") found components: Interpreter 
[0.447s] -- Override CMake install command with custom implementation using symlinks instead of copying resources
[0.489s] -- Found ament_cmake_pytest: 1.3.11 (/opt/ros/humble/share/ament_cmake_pytest/cmake)
[0.947s] -- Configuring done
[0.949s] -- Generating done
[0.951s] -- Build files have been written to: /home/genisis/Boneparte/build/lbr_description
[0.953s] Invoked command in '/home/genisis/Boneparte/build/lbr_description' returned '0': CMAKE_PREFIX_PATH=/opt/ros/humble /usr/bin/cmake /home/genisis/Boneparte/src/manipulation/lbr_description -DAMENT_CMAKE_SYMLINK_INSTALL=1 -DCMAKE_INSTALL_PREFIX=/home/genisis/Boneparte/install/lbr_description
[0.955s] Invoking command in '/home/genisis/Boneparte/build/lbr_description': CMAKE_PREFIX_PATH=/opt/ros/humble /usr/bin/cmake --build /home/genisis/Boneparte/build/lbr_description -- -j8 -l8
[0.991s] Invoked command in '/home/genisis/Boneparte/build/lbr_description' returned '0': CMAKE_PREFIX_PATH=/opt/ros/humble /usr/bin/cmake --build /home/genisis/Boneparte/build/lbr_description -- -j8 -l8
[0.993s] Invoking command in '/home/genisis/Boneparte/build/lbr_description': CMAKE_PREFIX_PATH=/opt/ros/humble /usr/bin/cmake --install /home/genisis/Boneparte/build/lbr_description
[0.999s] -- Install configuration: ""
[1.000s] -- Execute custom install script
[1.000s] -- Symlinking: /home/genisis/Boneparte/install/lbr_description/share/lbr_description/gazebo/lbr_gazebo.xacro
[1.010s] -- Symlinking: /home/genisis/Boneparte/install/lbr_description/share/lbr_description/meshes/iiwa14/collision/link_0.stl
[1.018s] -- Symlinking: /home/genisis/Boneparte/install/lbr_description/share/lbr_description/meshes/iiwa14/collision/link_1.stl
[1.026s] -- Symlinking: /home/genisis/Boneparte/install/lbr_description/share/lbr_description/meshes/iiwa14/collision/link_2.stl
[1.037s] -- Symlinking: /home/genisis/Boneparte/install/lbr_description/share/lbr_description/meshes/iiwa14/collision/link_3.stl
[1.046s] -- Symlinking: /home/genisis/Boneparte/install/lbr_description/share/lbr_description/meshes/iiwa14/collision/link_4.stl
[1.057s] -- Symlinking: /home/genisis/Boneparte/install/lbr_description/share/lbr_description/meshes/iiwa14/collision/link_5.stl
[1.066s] -- Symlinking: /home/genisis/Boneparte/install/lbr_description/share/lbr_description/meshes/iiwa14/collision/link_6.stl
[1.075s] -- Symlinking: /home/genisis/Boneparte/install/lbr_description/share/lbr_description/meshes/iiwa14/collision/link_7.stl
[1.084s] -- Symlinking: /home/genisis/Boneparte/install/lbr_description/share/lbr_description/meshes/iiwa14/visual/link_0.dae
[1.092s] -- Symlinking: /home/genisis/Boneparte/install/lbr_description/share/lbr_description/meshes/iiwa14/visual/link_1.dae
[1.103s] -- Symlinking: /home/genisis/Boneparte/install/lbr_description/share/lbr_description/meshes/iiwa14/visual/link_2.dae
[1.114s] -- Symlinking: /home/genisis/Boneparte/install/lbr_description/share/lbr_description/meshes/iiwa14/visual/link_3.dae
[1.123s] -- Symlinking: /home/genisis/Boneparte/install/lbr_description/share/lbr_description/meshes/iiwa14/visual/link_4.dae
[1.133s] -- Symlinking: /home/genisis/Boneparte/install/lbr_description/share/lbr_description/meshes/iiwa14/visual/link_5.dae
[1.143s] -- Symlinking: /home/genisis/Boneparte/install/lbr_description/share/lbr_description/meshes/iiwa14/visual/link_6.dae
[1.152s] -- Symlinking: /home/genisis/Boneparte/install/lbr_description/share/lbr_description/meshes/iiwa14/visual/link_7.dae
[1.161s] -- Symlinking: /home/genisis/Boneparte/install/lbr_description/share/lbr_description/meshes/iiwa7/collision/link_0.stl
[1.169s] -- Symlinking: /home/genisis/Boneparte/install/lbr_description/share/lbr_description/meshes/iiwa7/collision/link_1.stl
[1.179s] -- Symlinking: /home/genisis/Boneparte/install/lbr_description/share/lbr_description/meshes/iiwa7/collision/link_2.stl
[1.189s] -- Symlinking: /home/genisis/Boneparte/install/lbr_description/share/lbr_description/meshes/iiwa7/collision/link_3.stl
[1.201s] -- Symlinking: /home/genisis/Boneparte/install/lbr_description/share/lbr_description/meshes/iiwa7/collision/link_4.stl
[1.209s] -- Symlinking: /home/genisis/Boneparte/install/lbr_description/share/lbr_description/meshes/iiwa7/collision/link_5.stl
[1.217s] -- Symlinking: /home/genisis/Boneparte/install/lbr_description/share/lbr_description/meshes/iiwa7/collision/link_6.stl
[1.225s] -- Symlinking: /home/genisis/Boneparte/install/lbr_description/share/lbr_description/meshes/iiwa7/collision/link_7.stl
[1.234s] -- Symlinking: /home/genisis/Boneparte/install/lbr_description/share/lbr_description/meshes/iiwa7/visual/link_0.dae
[1.243s] -- Symlinking: /home/genisis/Boneparte/install/lbr_description/share/lbr_description/meshes/iiwa7/visual/link_1.dae
[1.250s] -- Symlinking: /home/genisis/Boneparte/install/lbr_description/share/lbr_description/meshes/iiwa7/visual/link_2.dae
[1.258s] -- Symlinking: /home/genisis/Boneparte/install/lbr_description/share/lbr_description/meshes/iiwa7/visual/link_3.dae
[1.266s] -- Symlinking: /home/genisis/Boneparte/install/lbr_description/share/lbr_description/meshes/iiwa7/visual/link_4.dae
[1.275s] -- Symlinking: /home/genisis/Boneparte/install/lbr_description/share/lbr_description/meshes/iiwa7/visual/link_5.dae
[1.285s] -- Symlinking: /home/genisis/Boneparte/install/lbr_description/share/lbr_description/meshes/iiwa7/visual/link_6.dae
[1.294s] -- Symlinking: /home/genisis/Boneparte/install/lbr_description/share/lbr_description/meshes/iiwa7/visual/link_7.dae
[1.302s] -- Symlinking: /home/genisis/Boneparte/install/lbr_description/share/lbr_description/meshes/med14/collision/link_0.stl
[1.311s] -- Symlinking: /home/genisis/Boneparte/install/lbr_description/share/lbr_description/meshes/med14/collision/link_1.stl
[1.318s] -- Symlinking: /home/genisis/Boneparte/install/lbr_description/share/lbr_description/meshes/med14/collision/link_2.stl
[1.327s] -- Symlinking: /home/genisis/Boneparte/install/lbr_description/share/lbr_description/meshes/med14/collision/link_3.stl
[1.336s] -- Symlinking: /home/genisis/Boneparte/install/lbr_description/share/lbr_description/meshes/med14/collision/link_4.stl
[1.345s] -- Symlinking: /home/genisis/Boneparte/install/lbr_description/share/lbr_description/meshes/med14/collision/link_5.stl
[1.353s] -- Symlinking: /home/genisis/Boneparte/install/lbr_description/share/lbr_description/meshes/med14/collision/link_6.stl
[1.365s] -- Symlinking: /home/genisis/Boneparte/install/lbr_description/share/lbr_description/meshes/med14/collision/link_7.stl
[1.373s] -- Symlinking: /home/genisis/Boneparte/install/lbr_description/share/lbr_description/meshes/med14/visual/link_0.dae
[1.381s] -- Symlinking: /home/genisis/Boneparte/install/lbr_description/share/lbr_description/meshes/med14/visual/link_1.dae
[1.390s] -- Symlinking: /home/genisis/Boneparte/install/lbr_description/share/lbr_description/meshes/med14/visual/link_2.dae
[1.397s] -- Symlinking: /home/genisis/Boneparte/install/lbr_description/share/lbr_description/meshes/med14/visual/link_3.dae
[1.405s] -- Symlinking: /home/genisis/Boneparte/install/lbr_description/share/lbr_description/meshes/med14/visual/link_4.dae
[1.413s] -- Symlinking: /home/genisis/Boneparte/install/lbr_description/share/lbr_description/meshes/med14/visual/link_5.dae
[1.421s] -- Symlinking: /home/genisis/Boneparte/install/lbr_description/share/lbr_description/meshes/med14/visual/link_6.dae
[1.429s] -- Symlinking: /home/genisis/Boneparte/install/lbr_description/share/lbr_description/meshes/med14/visual/link_7.dae
[1.437s] -- Symlinking: /home/genisis/Boneparte/install/lbr_description/share/lbr_description/meshes/med7/collision/link_0.stl
[1.445s] -- Symlinking: /home/genisis/Boneparte/install/lbr_description/share/lbr_description/meshes/med7/collision/link_1.stl
[1.453s] -- Symlinking: /home/genisis/Boneparte/install/lbr_description/share/lbr_description/meshes/med7/collision/link_2.stl
[1.461s] -- Symlinking: /home/genisis/Boneparte/install/lbr_description/share/lbr_description/meshes/med7/collision/link_3.stl
[1.469s] -- Symlinking: /home/genisis/Boneparte/install/lbr_description/share/lbr_description/meshes/med7/collision/link_4.stl
[1.480s] -- Symlinking: /home/genisis/Boneparte/install/lbr_description/share/lbr_description/meshes/med7/collision/link_5.stl
[1.488s] -- Symlinking: /home/genisis/Boneparte/install/lbr_description/share/lbr_description/meshes/med7/collision/link_6.stl
[1.496s] -- Symlinking: /home/genisis/Boneparte/install/lbr_description/share/lbr_description/meshes/med7/collision/link_7.stl
[1.504s] -- Symlinking: /home/genisis/Boneparte/install/lbr_description/share/lbr_description/meshes/med7/visual/link_0.dae
[1.511s] -- Symlinking: /home/genisis/Boneparte/install/lbr_description/share/lbr_description/meshes/med7/visual/link_1.dae
[1.519s] -- Symlinking: /home/genisis/Boneparte/install/lbr_description/share/lbr_description/meshes/med7/visual/link_2.dae
[1.527s] -- Symlinking: /home/genisis/Boneparte/install/lbr_description/share/lbr_description/meshes/med7/visual/link_3.dae
[1.536s] -- Symlinking: /home/genisis/Boneparte/install/lbr_description/share/lbr_description/meshes/med7/visual/link_4.dae
[1.543s] -- Symlinking: /home/genisis/Boneparte/install/lbr_description/share/lbr_description/meshes/med7/visual/link_5.dae
[1.551s] -- Symlinking: /home/genisis/Boneparte/install/lbr_description/share/lbr_description/meshes/med7/visual/link_6.dae
[1.559s] -- Symlinking: /home/genisis/Boneparte/install/lbr_description/share/lbr_description/meshes/med7/visual/link_7.dae
[1.567s] -- Symlinking: /home/genisis/Boneparte/install/lbr_description/share/lbr_description/ros2_control/lbr_controllers.yaml
[1.574s] -- Symlinking: /home/genisis/Boneparte/install/lbr_description/share/lbr_description/ros2_control/lbr_system_config.yaml
[1.582s] -- Symlinking: /home/genisis/Boneparte/install/lbr_description/share/lbr_description/ros2_control/lbr_system_interface.xacro
[1.591s] -- Symlinking: /home/genisis/Boneparte/install/lbr_description/share/lbr_description/urdf/iiwa14/iiwa14.xacro
[1.599s] -- Symlinking: /home/genisis/Boneparte/install/lbr_description/share/lbr_description/urdf/iiwa14/iiwa14_description.xacro
[1.608s] -- Symlinking: /home/genisis/Boneparte/install/lbr_description/share/lbr_description/urdf/iiwa14/joint_limits.yaml
[1.619s] -- Symlinking: /home/genisis/Boneparte/install/lbr_description/share/lbr_description/urdf/iiwa7/iiwa7.xacro
[1.627s] -- Symlinking: /home/genisis/Boneparte/install/lbr_description/share/lbr_description/urdf/iiwa7/iiwa7_description.xacro
[1.635s] -- Symlinking: /home/genisis/Boneparte/install/lbr_description/share/lbr_description/urdf/iiwa7/joint_limits.yaml
[1.643s] -- Symlinking: /home/genisis/Boneparte/install/lbr_description/share/lbr_description/urdf/med14/joint_limits.yaml
[1.651s] -- Symlinking: /home/genisis/Boneparte/install/lbr_description/share/lbr_description/urdf/med14/med14.xacro
[1.659s] -- Symlinking: /home/genisis/Boneparte/install/lbr_description/share/lbr_description/urdf/med14/med14_description.xacro
[1.668s] -- Symlinking: /home/genisis/Boneparte/install/lbr_description/share/lbr_description/urdf/med7/Default/med7.xacro
[1.675s] -- Symlinking: /home/genisis/Boneparte/install/lbr_description/share/lbr_description/urdf/med7/Default/med7_description.xacro
[1.683s] -- Symlinking: /home/genisis/Boneparte/install/lbr_description/share/lbr_description/urdf/med7/custom/med7.xacro
[1.691s] -- Symlinking: /home/genisis/Boneparte/install/lbr_description/share/lbr_description/urdf/med7/custom/med7_description.xacro
[1.699s] -- Symlinking: /home/genisis/Boneparte/install/lbr_description/share/lbr_description/urdf/med7/joint_limits.yaml
[1.707s] -- Symlinking: /home/genisis/Boneparte/install/lbr_description/share/lbr_description/urdf/med7/med7.xacro
[1.716s] -- Symlinking: /home/genisis/Boneparte/install/lbr_description/share/lbr_description/urdf/med7/med7_description.xacro
[1.724s] -- Symlinking: /home/genisis/Boneparte/install/lbr_description/share/lbr_description/environment/lbr_description.dsv
[1.733s] -- Symlinking: /home/genisis/Boneparte/install/lbr_description/share/ament_index/resource_index/package_run_dependencies/lbr_description
[1.740s] -- Symlinking: /home/genisis/Boneparte/install/lbr_description/share/ament_index/resource_index/parent_prefix_path/lbr_description
[1.748s] -- Symlinking: /home/genisis/Boneparte/install/lbr_description/share/lbr_description/environment/ament_prefix_path.sh
[1.756s] -- Symlinking: /home/genisis/Boneparte/install/lbr_description/share/lbr_description/environment/ament_prefix_path.dsv
[1.764s] -- Symlinking: /home/genisis/Boneparte/install/lbr_description/share/lbr_description/environment/path.sh
[1.773s] -- Symlinking: /home/genisis/Boneparte/install/lbr_description/share/lbr_description/environment/path.dsv
[1.780s] -- Symlinking: /home/genisis/Boneparte/install/lbr_description/share/lbr_description/local_setup.bash
[1.788s] -- Symlinking: /home/genisis/Boneparte/install/lbr_description/share/lbr_description/local_setup.sh
[1.796s] -- Symlinking: /home/genisis/Boneparte/install/lbr_description/share/lbr_description/local_setup.zsh
[1.805s] -- Symlinking: /home/genisis/Boneparte/install/lbr_description/share/lbr_description/local_setup.dsv
[1.813s] -- Symlinking: /home/genisis/Boneparte/install/lbr_description/share/lbr_description/package.dsv
[1.822s] -- Symlinking: /home/genisis/Boneparte/install/lbr_description/share/ament_index/resource_index/packages/lbr_description
[1.830s] -- Symlinking: /home/genisis/Boneparte/install/lbr_description/share/lbr_description/cmake/lbr_descriptionConfig.cmake
[1.838s] -- Symlinking: /home/genisis/Boneparte/install/lbr_description/share/lbr_description/cmake/lbr_descriptionConfig-version.cmake
[1.847s] -- Symlinking: /home/genisis/Boneparte/install/lbr_description/share/lbr_description/package.xml
[1.858s] Invoked command in '/home/genisis/Boneparte/build/lbr_description' returned '0': CMAKE_PREFIX_PATH=/opt/ros/humble /usr/bin/cmake --install /home/genisis/Boneparte/build/lbr_description
