[0.111s] Invoking command in '/mnt/c/Users/12693/Desktop/Boneparte/build/kuka_med_moveit_cpp': CMAKE_PREFIX_PATH=${CMAKE_PREFIX_PATH}:/opt/ros/humble CONDA_PROMPT_MODIFIER=(base) /usr/bin/cmake --build /mnt/c/Users/12693/Desktop/Boneparte/build/kuka_med_moveit_cpp -- -j4 -l4
[0.227s] Invoked command in '/mnt/c/Users/12693/Desktop/Boneparte/build/kuka_med_moveit_cpp' returned '0': CMAKE_PREFIX_PATH=${CMAKE_PREFIX_PATH}:/opt/ros/humble CONDA_PROMPT_MODIFIER=(base) /usr/bin/cmake --build /mnt/c/Users/12693/Desktop/Boneparte/build/kuka_med_moveit_cpp -- -j4 -l4
[0.249s] Invoking command in '/mnt/c/Users/12693/Desktop/Boneparte/build/kuka_med_moveit_cpp': CMAKE_PREFIX_PATH=${CMAKE_PREFIX_PATH}:/opt/ros/humble CONDA_PROMPT_MODIFIER=(base) /usr/bin/cmake --install /mnt/c/Users/12693/Desktop/Boneparte/build/kuka_med_moveit_cpp
[0.259s] -- Install configuration: ""
[0.289s] -- Up-to-date: /mnt/c/Users/12693/Desktop/Boneparte/install/kuka_med_moveit_cpp/share/ament_index/resource_index/package_run_dependencies/kuka_med_moveit_cpp
[0.328s] -- Up-to-date: /mnt/c/Users/12693/Desktop/Boneparte/install/kuka_med_moveit_cpp/share/ament_index/resource_index/parent_prefix_path/kuka_med_moveit_cpp
[0.345s] -- Up-to-date: /mnt/c/Users/12693/Desktop/Boneparte/install/kuka_med_moveit_cpp/share/kuka_med_moveit_cpp/environment/ament_prefix_path.sh
[0.370s] -- Up-to-date: /mnt/c/Users/12693/Desktop/Boneparte/install/kuka_med_moveit_cpp/share/kuka_med_moveit_cpp/environment/ament_prefix_path.dsv
[0.388s] -- Up-to-date: /mnt/c/Users/12693/Desktop/Boneparte/install/kuka_med_moveit_cpp/share/kuka_med_moveit_cpp/environment/path.sh
[0.412s] -- Up-to-date: /mnt/c/Users/12693/Desktop/Boneparte/install/kuka_med_moveit_cpp/share/kuka_med_moveit_cpp/environment/path.dsv
[0.436s] -- Up-to-date: /mnt/c/Users/12693/Desktop/Boneparte/install/kuka_med_moveit_cpp/share/kuka_med_moveit_cpp/local_setup.bash
[0.462s] -- Up-to-date: /mnt/c/Users/12693/Desktop/Boneparte/install/kuka_med_moveit_cpp/share/kuka_med_moveit_cpp/local_setup.sh
[0.487s] -- Up-to-date: /mnt/c/Users/12693/Desktop/Boneparte/install/kuka_med_moveit_cpp/share/kuka_med_moveit_cpp/local_setup.zsh
[0.507s] -- Up-to-date: /mnt/c/Users/12693/Desktop/Boneparte/install/kuka_med_moveit_cpp/share/kuka_med_moveit_cpp/local_setup.dsv
[0.530s] -- Installing: /mnt/c/Users/12693/Desktop/Boneparte/install/kuka_med_moveit_cpp/share/kuka_med_moveit_cpp/package.dsv
[0.624s] -- Up-to-date: /mnt/c/Users/12693/Desktop/Boneparte/install/kuka_med_moveit_cpp/share/ament_index/resource_index/packages/kuka_med_moveit_cpp
[0.651s] -- Up-to-date: /mnt/c/Users/12693/Desktop/Boneparte/install/kuka_med_moveit_cpp/share/kuka_med_moveit_cpp/cmake/kuka_med_moveit_cppConfig.cmake
[0.670s] -- Up-to-date: /mnt/c/Users/12693/Desktop/Boneparte/install/kuka_med_moveit_cpp/share/kuka_med_moveit_cpp/cmake/kuka_med_moveit_cppConfig-version.cmake
[0.698s] -- Up-to-date: /mnt/c/Users/12693/Desktop/Boneparte/install/kuka_med_moveit_cpp/share/kuka_med_moveit_cpp/package.xml
[0.727s] -- Up-to-date: /mnt/c/Users/12693/Desktop/Boneparte/install/kuka_med_moveit_cpp/lib/kuka_med_moveit_cpp/moveit_point_to_point.py
[0.741s] Invoked command in '/mnt/c/Users/12693/Desktop/Boneparte/build/kuka_med_moveit_cpp' returned '0': CMAKE_PREFIX_PATH=${CMAKE_PREFIX_PATH}:/opt/ros/humble CONDA_PROMPT_MODIFIER=(base) /usr/bin/cmake --install /mnt/c/Users/12693/Desktop/Boneparte/build/kuka_med_moveit_cpp
