[0.016s] Invoking command in '/home/genisis/Boneparte/build/iiwa7_moveit_config': AMENT_PREFIX_PATH=/home/genisis/Boneparte/install/lbr_description:${AMENT_PREFIX_PATH} CMAKE_PREFIX_PATH=/home/genisis/Boneparte/install/lbr_description:/opt/ros/humble /usr/bin/cmake /home/genisis/Boneparte/src/manipulation/lbr_moveit_config/iiwa7_moveit_config -DAMENT_CMAKE_SYMLINK_INSTALL=1 -DCMAKE_INSTALL_PREFIX=/home/genisis/Boneparte/install/iiwa7_moveit_config
[0.092s] -- The C compiler identification is GNU 11.4.0
[0.170s] -- The CXX compiler identification is GNU 11.4.0
[0.178s] -- Detecting C compiler ABI info
[0.292s] -- Detecting C compiler ABI info - done
[0.305s] -- Check for working C compiler: /usr/bin/cc - skipped
[0.306s] -- Detecting C compile features
[0.307s] -- Detecting C compile features - done
[0.311s] -- Detecting CXX compiler ABI info
[0.489s] -- Detecting CXX compiler ABI info - done
[0.501s] -- Check for working CXX compiler: /usr/bin/c++ - skipped
[0.501s] -- Detecting CXX compile features
[0.502s] -- Detecting CXX compile features - done
[0.505s] -- Found ament_cmake: 1.3.11 (/opt/ros/humble/share/ament_cmake/cmake)
[0.684s] -- Found Python3: /usr/bin/python3 (found version "3.10.12") found components: Interpreter 
[0.771s] -- Override CMake install command with custom implementation using symlinks instead of copying resources
[0.924s] -- Configuring done
[0.929s] -- Generating done
[0.936s] -- Build files have been written to: /home/genisis/Boneparte/build/iiwa7_moveit_config
[0.954s] Invoked command in '/home/genisis/Boneparte/build/iiwa7_moveit_config' returned '0': AMENT_PREFIX_PATH=/home/genisis/Boneparte/install/lbr_description:${AMENT_PREFIX_PATH} CMAKE_PREFIX_PATH=/home/genisis/Boneparte/install/lbr_description:/opt/ros/humble /usr/bin/cmake /home/genisis/Boneparte/src/manipulation/lbr_moveit_config/iiwa7_moveit_config -DAMENT_CMAKE_SYMLINK_INSTALL=1 -DCMAKE_INSTALL_PREFIX=/home/genisis/Boneparte/install/iiwa7_moveit_config
[0.958s] Invoking command in '/home/genisis/Boneparte/build/iiwa7_moveit_config': AMENT_PREFIX_PATH=/home/genisis/Boneparte/install/lbr_description:${AMENT_PREFIX_PATH} CMAKE_PREFIX_PATH=/home/genisis/Boneparte/install/lbr_description:/opt/ros/humble /usr/bin/cmake --build /home/genisis/Boneparte/build/iiwa7_moveit_config -- -j8 -l8
[1.016s] Invoked command in '/home/genisis/Boneparte/build/iiwa7_moveit_config' returned '0': AMENT_PREFIX_PATH=/home/genisis/Boneparte/install/lbr_description:${AMENT_PREFIX_PATH} CMAKE_PREFIX_PATH=/home/genisis/Boneparte/install/lbr_description:/opt/ros/humble /usr/bin/cmake --build /home/genisis/Boneparte/build/iiwa7_moveit_config -- -j8 -l8
[1.020s] Invoking command in '/home/genisis/Boneparte/build/iiwa7_moveit_config': AMENT_PREFIX_PATH=/home/genisis/Boneparte/install/lbr_description:${AMENT_PREFIX_PATH} CMAKE_PREFIX_PATH=/home/genisis/Boneparte/install/lbr_description:/opt/ros/humble /usr/bin/cmake --install /home/genisis/Boneparte/build/iiwa7_moveit_config
[1.029s] -- Install configuration: ""
[1.030s] -- Execute custom install script
[1.031s] -- Symlinking: /home/genisis/Boneparte/install/iiwa7_moveit_config/share/ament_index/resource_index/package_run_dependencies/iiwa7_moveit_config
[1.054s] -- Symlinking: /home/genisis/Boneparte/install/iiwa7_moveit_config/share/ament_index/resource_index/parent_prefix_path/iiwa7_moveit_config
[1.071s] -- Symlinking: /home/genisis/Boneparte/install/iiwa7_moveit_config/share/iiwa7_moveit_config/environment/ament_prefix_path.sh
[1.098s] -- Symlinking: /home/genisis/Boneparte/install/iiwa7_moveit_config/share/iiwa7_moveit_config/environment/ament_prefix_path.dsv
[1.115s] -- Symlinking: /home/genisis/Boneparte/install/iiwa7_moveit_config/share/iiwa7_moveit_config/environment/path.sh
[1.141s] -- Symlinking: /home/genisis/Boneparte/install/iiwa7_moveit_config/share/iiwa7_moveit_config/environment/path.dsv
[1.164s] -- Symlinking: /home/genisis/Boneparte/install/iiwa7_moveit_config/share/iiwa7_moveit_config/local_setup.bash
[1.189s] -- Symlinking: /home/genisis/Boneparte/install/iiwa7_moveit_config/share/iiwa7_moveit_config/local_setup.sh
[1.215s] -- Symlinking: /home/genisis/Boneparte/install/iiwa7_moveit_config/share/iiwa7_moveit_config/local_setup.zsh
[1.238s] -- Symlinking: /home/genisis/Boneparte/install/iiwa7_moveit_config/share/iiwa7_moveit_config/local_setup.dsv
[1.268s] -- Symlinking: /home/genisis/Boneparte/install/iiwa7_moveit_config/share/iiwa7_moveit_config/package.dsv
[1.298s] -- Symlinking: /home/genisis/Boneparte/install/iiwa7_moveit_config/share/ament_index/resource_index/packages/iiwa7_moveit_config
[1.324s] -- Symlinking: /home/genisis/Boneparte/install/iiwa7_moveit_config/share/iiwa7_moveit_config/cmake/iiwa7_moveit_configConfig.cmake
[1.352s] -- Symlinking: /home/genisis/Boneparte/install/iiwa7_moveit_config/share/iiwa7_moveit_config/cmake/iiwa7_moveit_configConfig-version.cmake
[1.369s] -- Symlinking: /home/genisis/Boneparte/install/iiwa7_moveit_config/share/iiwa7_moveit_config/package.xml
[1.395s] -- Symlinking: /home/genisis/Boneparte/install/iiwa7_moveit_config/share/iiwa7_moveit_config/launch/move_group.launch.py
[1.421s] -- Symlinking: /home/genisis/Boneparte/install/iiwa7_moveit_config/share/iiwa7_moveit_config/launch/moveit_rviz.launch.py
[1.444s] -- Symlinking: /home/genisis/Boneparte/install/iiwa7_moveit_config/share/iiwa7_moveit_config/launch/setup_assistant.launch.py
[1.470s] -- Symlinking: /home/genisis/Boneparte/install/iiwa7_moveit_config/share/iiwa7_moveit_config/config/iiwa7.srdf
[1.490s] -- Symlinking: /home/genisis/Boneparte/install/iiwa7_moveit_config/share/iiwa7_moveit_config/config/joint_limits.yaml
[1.517s] -- Symlinking: /home/genisis/Boneparte/install/iiwa7_moveit_config/share/iiwa7_moveit_config/config/kinematics.yaml
[1.546s] -- Symlinking: /home/genisis/Boneparte/install/iiwa7_moveit_config/share/iiwa7_moveit_config/config/moveit.rviz
[1.565s] -- Symlinking: /home/genisis/Boneparte/install/iiwa7_moveit_config/share/iiwa7_moveit_config/config/moveit_controllers.yaml
[1.577s] -- Symlinking: /home/genisis/Boneparte/install/iiwa7_moveit_config/share/iiwa7_moveit_config/config/pilz_cartesian_limits.yaml
[1.601s] -- Symlinking: /home/genisis/Boneparte/install/iiwa7_moveit_config/share/iiwa7_moveit_config/.setup_assistant
[1.637s] Invoked command in '/home/genisis/Boneparte/build/iiwa7_moveit_config' returned '0': AMENT_PREFIX_PATH=/home/genisis/Boneparte/install/lbr_description:${AMENT_PREFIX_PATH} CMAKE_PREFIX_PATH=/home/genisis/Boneparte/install/lbr_description:/opt/ros/humble /usr/bin/cmake --install /home/genisis/Boneparte/build/iiwa7_moveit_config
