[0.017s] Invoking command in '/home/genisis/Boneparte/build/med14_moveit_config': AMENT_PREFIX_PATH=/home/genisis/Boneparte/install/lbr_description:${AMENT_PREFIX_PATH} CMAKE_PREFIX_PATH=/home/genisis/Boneparte/install/lbr_description:/opt/ros/humble /usr/bin/cmake /home/genisis/Boneparte/src/manipulation/lbr_moveit_config/med14_moveit_config -DAMENT_CMAKE_SYMLINK_INSTALL=1 -DCMAKE_INSTALL_PREFIX=/home/genisis/Boneparte/install/med14_moveit_config
[0.094s] -- The C compiler identification is GNU 11.4.0
[0.163s] -- The CXX compiler identification is GNU 11.4.0
[0.173s] -- Detecting C compiler ABI info
[0.297s] -- Detecting C compiler ABI info - done
[0.308s] -- Check for working C compiler: /usr/bin/cc - skipped
[0.308s] -- Detecting C compile features
[0.309s] -- Detecting C compile features - done
[0.313s] -- Detecting CXX compiler ABI info
[0.485s] -- Detecting CXX compiler ABI info - done
[0.497s] -- Check for working CXX compiler: /usr/bin/c++ - skipped
[0.497s] -- Detecting CXX compile features
[0.498s] -- Detecting CXX compile features - done
[0.501s] -- Found ament_cmake: 1.3.11 (/opt/ros/humble/share/ament_cmake/cmake)
[0.701s] -- Found Python3: /usr/bin/python3 (found version "3.10.12") found components: Interpreter 
[0.796s] -- Override CMake install command with custom implementation using symlinks instead of copying resources
[0.949s] -- Configuring done
[0.956s] -- Generating done
[0.960s] -- Build files have been written to: /home/genisis/Boneparte/build/med14_moveit_config
[0.972s] Invoked command in '/home/genisis/Boneparte/build/med14_moveit_config' returned '0': AMENT_PREFIX_PATH=/home/genisis/Boneparte/install/lbr_description:${AMENT_PREFIX_PATH} CMAKE_PREFIX_PATH=/home/genisis/Boneparte/install/lbr_description:/opt/ros/humble /usr/bin/cmake /home/genisis/Boneparte/src/manipulation/lbr_moveit_config/med14_moveit_config -DAMENT_CMAKE_SYMLINK_INSTALL=1 -DCMAKE_INSTALL_PREFIX=/home/genisis/Boneparte/install/med14_moveit_config
[0.975s] Invoking command in '/home/genisis/Boneparte/build/med14_moveit_config': AMENT_PREFIX_PATH=/home/genisis/Boneparte/install/lbr_description:${AMENT_PREFIX_PATH} CMAKE_PREFIX_PATH=/home/genisis/Boneparte/install/lbr_description:/opt/ros/humble /usr/bin/cmake --build /home/genisis/Boneparte/build/med14_moveit_config -- -j8 -l8
[1.033s] Invoked command in '/home/genisis/Boneparte/build/med14_moveit_config' returned '0': AMENT_PREFIX_PATH=/home/genisis/Boneparte/install/lbr_description:${AMENT_PREFIX_PATH} CMAKE_PREFIX_PATH=/home/genisis/Boneparte/install/lbr_description:/opt/ros/humble /usr/bin/cmake --build /home/genisis/Boneparte/build/med14_moveit_config -- -j8 -l8
[1.044s] Invoking command in '/home/genisis/Boneparte/build/med14_moveit_config': AMENT_PREFIX_PATH=/home/genisis/Boneparte/install/lbr_description:${AMENT_PREFIX_PATH} CMAKE_PREFIX_PATH=/home/genisis/Boneparte/install/lbr_description:/opt/ros/humble /usr/bin/cmake --install /home/genisis/Boneparte/build/med14_moveit_config
[1.056s] -- Install configuration: ""
[1.056s] -- Execute custom install script
[1.056s] -- Symlinking: /home/genisis/Boneparte/install/med14_moveit_config/share/ament_index/resource_index/package_run_dependencies/med14_moveit_config
[1.076s] -- Symlinking: /home/genisis/Boneparte/install/med14_moveit_config/share/ament_index/resource_index/parent_prefix_path/med14_moveit_config
[1.113s] -- Symlinking: /home/genisis/Boneparte/install/med14_moveit_config/share/med14_moveit_config/environment/ament_prefix_path.sh
[1.134s] -- Symlinking: /home/genisis/Boneparte/install/med14_moveit_config/share/med14_moveit_config/environment/ament_prefix_path.dsv
[1.146s] -- Symlinking: /home/genisis/Boneparte/install/med14_moveit_config/share/med14_moveit_config/environment/path.sh
[1.167s] -- Symlinking: /home/genisis/Boneparte/install/med14_moveit_config/share/med14_moveit_config/environment/path.dsv
[1.179s] -- Symlinking: /home/genisis/Boneparte/install/med14_moveit_config/share/med14_moveit_config/local_setup.bash
[1.203s] -- Symlinking: /home/genisis/Boneparte/install/med14_moveit_config/share/med14_moveit_config/local_setup.sh
[1.222s] -- Symlinking: /home/genisis/Boneparte/install/med14_moveit_config/share/med14_moveit_config/local_setup.zsh
[1.235s] -- Symlinking: /home/genisis/Boneparte/install/med14_moveit_config/share/med14_moveit_config/local_setup.dsv
[1.260s] -- Symlinking: /home/genisis/Boneparte/install/med14_moveit_config/share/med14_moveit_config/package.dsv
[1.272s] -- Symlinking: /home/genisis/Boneparte/install/med14_moveit_config/share/ament_index/resource_index/packages/med14_moveit_config
[1.285s] -- Symlinking: /home/genisis/Boneparte/install/med14_moveit_config/share/med14_moveit_config/cmake/med14_moveit_configConfig.cmake
[1.307s] -- Symlinking: /home/genisis/Boneparte/install/med14_moveit_config/share/med14_moveit_config/cmake/med14_moveit_configConfig-version.cmake
[1.335s] -- Symlinking: /home/genisis/Boneparte/install/med14_moveit_config/share/med14_moveit_config/package.xml
[1.366s] -- Symlinking: /home/genisis/Boneparte/install/med14_moveit_config/share/med14_moveit_config/launch/move_group.launch.py
[1.388s] -- Symlinking: /home/genisis/Boneparte/install/med14_moveit_config/share/med14_moveit_config/launch/moveit_rviz.launch.py
[1.412s] -- Symlinking: /home/genisis/Boneparte/install/med14_moveit_config/share/med14_moveit_config/launch/setup_assistant.launch.py
[1.437s] -- Symlinking: /home/genisis/Boneparte/install/med14_moveit_config/share/med14_moveit_config/config/joint_limits.yaml
[1.460s] -- Symlinking: /home/genisis/Boneparte/install/med14_moveit_config/share/med14_moveit_config/config/kinematics.yaml
[1.482s] -- Symlinking: /home/genisis/Boneparte/install/med14_moveit_config/share/med14_moveit_config/config/med14.srdf
[1.504s] -- Symlinking: /home/genisis/Boneparte/install/med14_moveit_config/share/med14_moveit_config/config/moveit.rviz
[1.534s] -- Symlinking: /home/genisis/Boneparte/install/med14_moveit_config/share/med14_moveit_config/config/moveit_controllers.yaml
[1.558s] -- Symlinking: /home/genisis/Boneparte/install/med14_moveit_config/share/med14_moveit_config/config/pilz_cartesian_limits.yaml
[1.580s] -- Symlinking: /home/genisis/Boneparte/install/med14_moveit_config/share/med14_moveit_config/.setup_assistant
[1.600s] Invoked command in '/home/genisis/Boneparte/build/med14_moveit_config' returned '0': AMENT_PREFIX_PATH=/home/genisis/Boneparte/install/lbr_description:${AMENT_PREFIX_PATH} CMAKE_PREFIX_PATH=/home/genisis/Boneparte/install/lbr_description:/opt/ros/humble /usr/bin/cmake --install /home/genisis/Boneparte/build/med14_moveit_config
