[0.017s] Invoking command in '/home/genisis/Boneparte/build/med7_moveit_config': AMENT_PREFIX_PATH=/home/genisis/Boneparte/install/lbr_description:${AMENT_PREFIX_PATH} CMAKE_PREFIX_PATH=/home/genisis/Boneparte/install/lbr_description:/opt/ros/humble /usr/bin/cmake /home/genisis/Boneparte/src/manipulation/lbr_moveit_config/med7_moveit_config -DAMENT_CMAKE_SYMLINK_INSTALL=1 -DCMAKE_INSTALL_PREFIX=/home/genisis/Boneparte/install/med7_moveit_config
[0.087s] -- The C compiler identification is GNU 11.4.0
[0.158s] -- The CXX compiler identification is GNU 11.4.0
[0.167s] -- Detecting C compiler ABI info
[0.293s] -- Detecting C compiler ABI info - done
[0.307s] -- Check for working C compiler: /usr/bin/cc - skipped
[0.308s] -- Detecting C compile features
[0.308s] -- Detecting C compile features - done
[0.313s] -- Detecting CXX compiler ABI info
[0.488s] -- Detecting CXX compiler ABI info - done
[0.502s] -- Check for working CXX compiler: /usr/bin/c++ - skipped
[0.502s] -- Detecting CXX compile features
[0.502s] -- Detecting CXX compile features - done
[0.507s] -- Found ament_cmake: 1.3.11 (/opt/ros/humble/share/ament_cmake/cmake)
[0.716s] -- Found Python3: /usr/bin/python3 (found version "3.10.12") found components: Interpreter 
[0.822s] -- Override CMake install command with custom implementation using symlinks instead of copying resources
[0.969s] -- Configuring done
[0.970s] -- Generating done
[0.977s] -- Build files have been written to: /home/genisis/Boneparte/build/med7_moveit_config
[0.996s] Invoked command in '/home/genisis/Boneparte/build/med7_moveit_config' returned '0': AMENT_PREFIX_PATH=/home/genisis/Boneparte/install/lbr_description:${AMENT_PREFIX_PATH} CMAKE_PREFIX_PATH=/home/genisis/Boneparte/install/lbr_description:/opt/ros/humble /usr/bin/cmake /home/genisis/Boneparte/src/manipulation/lbr_moveit_config/med7_moveit_config -DAMENT_CMAKE_SYMLINK_INSTALL=1 -DCMAKE_INSTALL_PREFIX=/home/genisis/Boneparte/install/med7_moveit_config
[0.996s] Invoking command in '/home/genisis/Boneparte/build/med7_moveit_config': AMENT_PREFIX_PATH=/home/genisis/Boneparte/install/lbr_description:${AMENT_PREFIX_PATH} CMAKE_PREFIX_PATH=/home/genisis/Boneparte/install/lbr_description:/opt/ros/humble /usr/bin/cmake --build /home/genisis/Boneparte/build/med7_moveit_config -- -j8 -l8
[1.106s] Invoked command in '/home/genisis/Boneparte/build/med7_moveit_config' returned '0': AMENT_PREFIX_PATH=/home/genisis/Boneparte/install/lbr_description:${AMENT_PREFIX_PATH} CMAKE_PREFIX_PATH=/home/genisis/Boneparte/install/lbr_description:/opt/ros/humble /usr/bin/cmake --build /home/genisis/Boneparte/build/med7_moveit_config -- -j8 -l8
[1.106s] Invoking command in '/home/genisis/Boneparte/build/med7_moveit_config': AMENT_PREFIX_PATH=/home/genisis/Boneparte/install/lbr_description:${AMENT_PREFIX_PATH} CMAKE_PREFIX_PATH=/home/genisis/Boneparte/install/lbr_description:/opt/ros/humble /usr/bin/cmake --install /home/genisis/Boneparte/build/med7_moveit_config
[1.122s] -- Install configuration: ""
[1.124s] -- Execute custom install script
[1.128s] -- Symlinking: /home/genisis/Boneparte/install/med7_moveit_config/share/ament_index/resource_index/package_run_dependencies/med7_moveit_config
[1.153s] -- Symlinking: /home/genisis/Boneparte/install/med7_moveit_config/share/ament_index/resource_index/parent_prefix_path/med7_moveit_config
[1.176s] -- Symlinking: /home/genisis/Boneparte/install/med7_moveit_config/share/med7_moveit_config/environment/ament_prefix_path.sh
[1.190s] -- Symlinking: /home/genisis/Boneparte/install/med7_moveit_config/share/med7_moveit_config/environment/ament_prefix_path.dsv
[1.215s] -- Symlinking: /home/genisis/Boneparte/install/med7_moveit_config/share/med7_moveit_config/environment/path.sh
[1.235s] -- Symlinking: /home/genisis/Boneparte/install/med7_moveit_config/share/med7_moveit_config/environment/path.dsv
[1.260s] -- Symlinking: /home/genisis/Boneparte/install/med7_moveit_config/share/med7_moveit_config/local_setup.bash
[1.295s] -- Symlinking: /home/genisis/Boneparte/install/med7_moveit_config/share/med7_moveit_config/local_setup.sh
[1.316s] -- Symlinking: /home/genisis/Boneparte/install/med7_moveit_config/share/med7_moveit_config/local_setup.zsh
[1.338s] -- Symlinking: /home/genisis/Boneparte/install/med7_moveit_config/share/med7_moveit_config/local_setup.dsv
[1.354s] -- Symlinking: /home/genisis/Boneparte/install/med7_moveit_config/share/med7_moveit_config/package.dsv
[1.371s] -- Symlinking: /home/genisis/Boneparte/install/med7_moveit_config/share/ament_index/resource_index/packages/med7_moveit_config
[1.385s] -- Symlinking: /home/genisis/Boneparte/install/med7_moveit_config/share/med7_moveit_config/cmake/med7_moveit_configConfig.cmake
[1.401s] -- Symlinking: /home/genisis/Boneparte/install/med7_moveit_config/share/med7_moveit_config/cmake/med7_moveit_configConfig-version.cmake
[1.419s] -- Symlinking: /home/genisis/Boneparte/install/med7_moveit_config/share/med7_moveit_config/package.xml
[1.436s] -- Symlinking: /home/genisis/Boneparte/install/med7_moveit_config/share/med7_moveit_config/launch/move_group.launch.py
[1.463s] -- Symlinking: /home/genisis/Boneparte/install/med7_moveit_config/share/med7_moveit_config/launch/moveit_rviz.launch.py
[1.489s] -- Symlinking: /home/genisis/Boneparte/install/med7_moveit_config/share/med7_moveit_config/launch/setup_assistant.launch.py
[1.518s] -- Symlinking: /home/genisis/Boneparte/install/med7_moveit_config/share/med7_moveit_config/config/joint_limits.yaml
[1.540s] -- Symlinking: /home/genisis/Boneparte/install/med7_moveit_config/share/med7_moveit_config/config/kinematics.yaml
[1.561s] -- Symlinking: /home/genisis/Boneparte/install/med7_moveit_config/share/med7_moveit_config/config/med7.srdf
[1.585s] -- Symlinking: /home/genisis/Boneparte/install/med7_moveit_config/share/med7_moveit_config/config/moveit.rviz
[1.604s] -- Symlinking: /home/genisis/Boneparte/install/med7_moveit_config/share/med7_moveit_config/config/moveit_controllers.yaml
[1.618s] -- Symlinking: /home/genisis/Boneparte/install/med7_moveit_config/share/med7_moveit_config/config/pilz_cartesian_limits.yaml
[1.630s] -- Symlinking: /home/genisis/Boneparte/install/med7_moveit_config/share/med7_moveit_config/.setup_assistant
[1.671s] Invoked command in '/home/genisis/Boneparte/build/med7_moveit_config' returned '0': AMENT_PREFIX_PATH=/home/genisis/Boneparte/install/lbr_description:${AMENT_PREFIX_PATH} CMAKE_PREFIX_PATH=/home/genisis/Boneparte/install/lbr_description:/opt/ros/humble /usr/bin/cmake --install /home/genisis/Boneparte/build/med7_moveit_config
