[0.017s] Invoking command in '/home/genisis/Boneparte/build/iiwa14_moveit_config': AMENT_PREFIX_PATH=/home/genisis/Boneparte/install/lbr_description:${AMENT_PREFIX_PATH} CMAKE_PREFIX_PATH=/home/genisis/Boneparte/install/lbr_description:/opt/ros/humble /usr/bin/cmake /home/genisis/Boneparte/src/manipulation/lbr_moveit_config/iiwa14_moveit_config -DAMENT_CMAKE_SYMLINK_INSTALL=1 -DCMAKE_INSTALL_PREFIX=/home/genisis/Boneparte/install/iiwa14_moveit_config
[0.089s] -- The C compiler identification is GNU 11.4.0
[0.170s] -- The CXX compiler identification is GNU 11.4.0
[0.179s] -- Detecting C compiler ABI info
[0.303s] -- Detecting C compiler ABI info - done
[0.315s] -- Check for working C compiler: /usr/bin/cc - skipped
[0.315s] -- Detecting C compile features
[0.315s] -- Detecting C compile features - done
[0.320s] -- Detecting CXX compiler ABI info
[0.492s] -- Detecting CXX compiler ABI info - done
[0.508s] -- Check for working CXX compiler: /usr/bin/c++ - skipped
[0.509s] -- Detecting CXX compile features
[0.510s] -- Detecting CXX compile features - done
[0.514s] -- Found ament_cmake: 1.3.11 (/opt/ros/humble/share/ament_cmake/cmake)
[0.723s] -- Found Python3: /usr/bin/python3 (found version "3.10.12") found components: Interpreter 
[0.803s] -- Override CMake install command with custom implementation using symlinks instead of copying resources
[0.955s] -- Configuring done
[0.964s] -- Generating done
[0.969s] -- Build files have been written to: /home/genisis/Boneparte/build/iiwa14_moveit_config
[0.986s] Invoked command in '/home/genisis/Boneparte/build/iiwa14_moveit_config' returned '0': AMENT_PREFIX_PATH=/home/genisis/Boneparte/install/lbr_description:${AMENT_PREFIX_PATH} CMAKE_PREFIX_PATH=/home/genisis/Boneparte/install/lbr_description:/opt/ros/humble /usr/bin/cmake /home/genisis/Boneparte/src/manipulation/lbr_moveit_config/iiwa14_moveit_config -DAMENT_CMAKE_SYMLINK_INSTALL=1 -DCMAKE_INSTALL_PREFIX=/home/genisis/Boneparte/install/iiwa14_moveit_config
[0.987s] Invoking command in '/home/genisis/Boneparte/build/iiwa14_moveit_config': AMENT_PREFIX_PATH=/home/genisis/Boneparte/install/lbr_description:${AMENT_PREFIX_PATH} CMAKE_PREFIX_PATH=/home/genisis/Boneparte/install/lbr_description:/opt/ros/humble /usr/bin/cmake --build /home/genisis/Boneparte/build/iiwa14_moveit_config -- -j8 -l8
[1.098s] Invoked command in '/home/genisis/Boneparte/build/iiwa14_moveit_config' returned '0': AMENT_PREFIX_PATH=/home/genisis/Boneparte/install/lbr_description:${AMENT_PREFIX_PATH} CMAKE_PREFIX_PATH=/home/genisis/Boneparte/install/lbr_description:/opt/ros/humble /usr/bin/cmake --build /home/genisis/Boneparte/build/iiwa14_moveit_config -- -j8 -l8
[1.098s] Invoking command in '/home/genisis/Boneparte/build/iiwa14_moveit_config': AMENT_PREFIX_PATH=/home/genisis/Boneparte/install/lbr_description:${AMENT_PREFIX_PATH} CMAKE_PREFIX_PATH=/home/genisis/Boneparte/install/lbr_description:/opt/ros/humble /usr/bin/cmake --install /home/genisis/Boneparte/build/iiwa14_moveit_config
[1.117s] -- Install configuration: ""
[1.117s] -- Execute custom install script
[1.117s] -- Symlinking: /home/genisis/Boneparte/install/iiwa14_moveit_config/share/ament_index/resource_index/package_run_dependencies/iiwa14_moveit_config
[1.140s] -- Symlinking: /home/genisis/Boneparte/install/iiwa14_moveit_config/share/ament_index/resource_index/parent_prefix_path/iiwa14_moveit_config
[1.158s] -- Symlinking: /home/genisis/Boneparte/install/iiwa14_moveit_config/share/iiwa14_moveit_config/environment/ament_prefix_path.sh
[1.176s] -- Symlinking: /home/genisis/Boneparte/install/iiwa14_moveit_config/share/iiwa14_moveit_config/environment/ament_prefix_path.dsv
[1.199s] -- Symlinking: /home/genisis/Boneparte/install/iiwa14_moveit_config/share/iiwa14_moveit_config/environment/path.sh
[1.213s] -- Symlinking: /home/genisis/Boneparte/install/iiwa14_moveit_config/share/iiwa14_moveit_config/environment/path.dsv
[1.228s] -- Symlinking: /home/genisis/Boneparte/install/iiwa14_moveit_config/share/iiwa14_moveit_config/local_setup.bash
[1.249s] -- Symlinking: /home/genisis/Boneparte/install/iiwa14_moveit_config/share/iiwa14_moveit_config/local_setup.sh
[1.273s] -- Symlinking: /home/genisis/Boneparte/install/iiwa14_moveit_config/share/iiwa14_moveit_config/local_setup.zsh
[1.310s] -- Symlinking: /home/genisis/Boneparte/install/iiwa14_moveit_config/share/iiwa14_moveit_config/local_setup.dsv
[1.341s] -- Symlinking: /home/genisis/Boneparte/install/iiwa14_moveit_config/share/iiwa14_moveit_config/package.dsv
[1.365s] -- Symlinking: /home/genisis/Boneparte/install/iiwa14_moveit_config/share/ament_index/resource_index/packages/iiwa14_moveit_config
[1.393s] -- Symlinking: /home/genisis/Boneparte/install/iiwa14_moveit_config/share/iiwa14_moveit_config/cmake/iiwa14_moveit_configConfig.cmake
[1.416s] -- Symlinking: /home/genisis/Boneparte/install/iiwa14_moveit_config/share/iiwa14_moveit_config/cmake/iiwa14_moveit_configConfig-version.cmake
[1.440s] -- Symlinking: /home/genisis/Boneparte/install/iiwa14_moveit_config/share/iiwa14_moveit_config/package.xml
[1.466s] -- Symlinking: /home/genisis/Boneparte/install/iiwa14_moveit_config/share/iiwa14_moveit_config/launch/move_group.launch.py
[1.483s] -- Symlinking: /home/genisis/Boneparte/install/iiwa14_moveit_config/share/iiwa14_moveit_config/launch/moveit_rviz.launch.py
[1.498s] -- Symlinking: /home/genisis/Boneparte/install/iiwa14_moveit_config/share/iiwa14_moveit_config/launch/setup_assistant.launch.py
[1.516s] -- Symlinking: /home/genisis/Boneparte/install/iiwa14_moveit_config/share/iiwa14_moveit_config/config/iiwa14.srdf
[1.529s] -- Symlinking: /home/genisis/Boneparte/install/iiwa14_moveit_config/share/iiwa14_moveit_config/config/joint_limits.yaml
[1.542s] -- Symlinking: /home/genisis/Boneparte/install/iiwa14_moveit_config/share/iiwa14_moveit_config/config/kinematics.yaml
[1.554s] -- Symlinking: /home/genisis/Boneparte/install/iiwa14_moveit_config/share/iiwa14_moveit_config/config/moveit.rviz
[1.567s] -- Symlinking: /home/genisis/Boneparte/install/iiwa14_moveit_config/share/iiwa14_moveit_config/config/moveit_controllers.yaml
[1.580s] -- Symlinking: /home/genisis/Boneparte/install/iiwa14_moveit_config/share/iiwa14_moveit_config/config/pilz_cartesian_limits.yaml
[1.597s] -- Symlinking: /home/genisis/Boneparte/install/iiwa14_moveit_config/share/iiwa14_moveit_config/.setup_assistant
[1.661s] Invoked command in '/home/genisis/Boneparte/build/iiwa14_moveit_config' returned '0': AMENT_PREFIX_PATH=/home/genisis/Boneparte/install/lbr_description:${AMENT_PREFIX_PATH} CMAKE_PREFIX_PATH=/home/genisis/Boneparte/install/lbr_description:/opt/ros/humble /usr/bin/cmake --install /home/genisis/Boneparte/build/iiwa14_moveit_config
