[0.102s] DEBUG:colcon:Command line arguments: ['/usr/bin/colcon', 'list']
[0.102s] DEBUG:colcon:Parsed command line arguments: Namespace(log_base=None, log_level=None, verb_name='list', build_base='build', ignore_user_meta=False, metas=['./colcon.meta'], base_paths=['.'], packages_ignore=None, packages_ignore_regex=None, paths=None, packages_up_to=None, packages_up_to_regex=None, packages_above=None, packages_above_and_dependencies=None, packages_above_depth=None, packages_select_by_dep=None, packages_skip_by_dep=None, packages_skip_up_to=None, packages_select_build_failed=False, packages_skip_build_finished=False, packages_select_test_failures=False, packages_skip_test_passed=False, packages_select=None, packages_skip=None, packages_select_regex=None, packages_skip_regex=None, packages_start=None, packages_end=None, allow_overriding=[], topological_order=False, names_only=False, paths_only=False, topological_graph=False, topological_graph_dot=False, topological_graph_density=False, topological_graph_legend=False, topological_graph_dot_cluster=False, topological_graph_dot_include_skipped=False, mixin_files=None, mixin=None, verb_parser=<colcon_mixin.mixin.mixin_argument.MixinArgumentDecorator object at 0x792eb0377cd0>, verb_extension=<colcon_package_information.verb.list.ListVerb object at 0x792eb04b80d0>, main=<bound method ListVerb.main of <colcon_package_information.verb.list.ListVerb object at 0x792eb04b80d0>>, mixin_verb=('list',))
[0.278s] Level 1:colcon.colcon_core.package_discovery:discover_packages(colcon_meta) check parameters
[0.278s] Level 1:colcon.colcon_core.package_discovery:discover_packages(recursive) check parameters
[0.278s] Level 1:colcon.colcon_core.package_discovery:discover_packages(ignore) check parameters
[0.278s] Level 1:colcon.colcon_core.package_discovery:discover_packages(path) check parameters
[0.278s] Level 1:colcon.colcon_core.package_discovery:discover_packages(colcon_meta) discover
[0.278s] Level 1:colcon.colcon_core.package_discovery:discover_packages(recursive) discover
[0.278s] INFO:colcon.colcon_core.package_discovery:Crawling recursively for packages in '/home/genisis/Boneparte'
[0.279s] Level 1:colcon.colcon_core.package_identification:_identify(.) by extensions ['ignore', 'ignore_ament_install']
[0.279s] Level 1:colcon.colcon_core.package_identification:_identify(.) by extension 'ignore'
[0.279s] Level 1:colcon.colcon_core.package_identification:_identify(.) by extension 'ignore_ament_install'
[0.279s] Level 1:colcon.colcon_core.package_identification:_identify(.) by extensions ['colcon_pkg']
[0.279s] Level 1:colcon.colcon_core.package_identification:_identify(.) by extension 'colcon_pkg'
[0.279s] Level 1:colcon.colcon_core.package_identification:_identify(.) by extensions ['colcon_meta']
[0.279s] Level 1:colcon.colcon_core.package_identification:_identify(.) by extension 'colcon_meta'
[0.279s] Level 1:colcon.colcon_core.package_identification:_identify(.) by extensions ['ros']
[0.279s] Level 1:colcon.colcon_core.package_identification:_identify(.) by extension 'ros'
[0.295s] Level 1:colcon.colcon_core.package_identification:_identify(.) by extensions ['cmake', 'python']
[0.295s] Level 1:colcon.colcon_core.package_identification:_identify(.) by extension 'cmake'
[0.296s] Level 1:colcon.colcon_core.package_identification:_identify(.) by extension 'python'
[0.296s] Level 1:colcon.colcon_core.package_identification:_identify(.) by extensions ['python_setup_py']
[0.296s] Level 1:colcon.colcon_core.package_identification:_identify(.) by extension 'python_setup_py'
[0.296s] Level 1:colcon.colcon_core.package_identification:_identify(build) by extensions ['ignore', 'ignore_ament_install']
[0.296s] Level 1:colcon.colcon_core.package_identification:_identify(build) by extension 'ignore'
[0.296s] Level 1:colcon.colcon_core.package_identification:_identify(build) ignored
[0.296s] Level 1:colcon.colcon_core.package_identification:_identify(install) by extensions ['ignore', 'ignore_ament_install']
[0.296s] Level 1:colcon.colcon_core.package_identification:_identify(install) by extension 'ignore'
[0.296s] Level 1:colcon.colcon_core.package_identification:_identify(install) ignored
[0.296s] Level 1:colcon.colcon_core.package_identification:_identify(log) by extensions ['ignore', 'ignore_ament_install']
[0.297s] Level 1:colcon.colcon_core.package_identification:_identify(log) by extension 'ignore'
[0.297s] Level 1:colcon.colcon_core.package_identification:_identify(log) ignored
[0.297s] Level 1:colcon.colcon_core.package_identification:_identify(src) by extensions ['ignore', 'ignore_ament_install']
[0.297s] Level 1:colcon.colcon_core.package_identification:_identify(src) by extension 'ignore'
[0.297s] Level 1:colcon.colcon_core.package_identification:_identify(src) by extension 'ignore_ament_install'
[0.297s] Level 1:colcon.colcon_core.package_identification:_identify(src) by extensions ['colcon_pkg']
[0.297s] Level 1:colcon.colcon_core.package_identification:_identify(src) by extension 'colcon_pkg'
[0.297s] Level 1:colcon.colcon_core.package_identification:_identify(src) by extensions ['colcon_meta']
[0.297s] Level 1:colcon.colcon_core.package_identification:_identify(src) by extension 'colcon_meta'
[0.297s] Level 1:colcon.colcon_core.package_identification:_identify(src) by extensions ['ros']
[0.297s] Level 1:colcon.colcon_core.package_identification:_identify(src) by extension 'ros'
[0.297s] Level 1:colcon.colcon_core.package_identification:_identify(src) by extensions ['cmake', 'python']
[0.297s] Level 1:colcon.colcon_core.package_identification:_identify(src) by extension 'cmake'
[0.297s] Level 1:colcon.colcon_core.package_identification:_identify(src) by extension 'python'
[0.297s] Level 1:colcon.colcon_core.package_identification:_identify(src) by extensions ['python_setup_py']
[0.297s] Level 1:colcon.colcon_core.package_identification:_identify(src) by extension 'python_setup_py'
[0.298s] Level 1:colcon.colcon_core.package_identification:_identify(src/manipulation) by extensions ['ignore', 'ignore_ament_install']
[0.298s] Level 1:colcon.colcon_core.package_identification:_identify(src/manipulation) by extension 'ignore'
[0.298s] Level 1:colcon.colcon_core.package_identification:_identify(src/manipulation) by extension 'ignore_ament_install'
[0.298s] Level 1:colcon.colcon_core.package_identification:_identify(src/manipulation) by extensions ['colcon_pkg']
[0.298s] Level 1:colcon.colcon_core.package_identification:_identify(src/manipulation) by extension 'colcon_pkg'
[0.298s] Level 1:colcon.colcon_core.package_identification:_identify(src/manipulation) by extensions ['colcon_meta']
[0.298s] Level 1:colcon.colcon_core.package_identification:_identify(src/manipulation) by extension 'colcon_meta'
[0.298s] Level 1:colcon.colcon_core.package_identification:_identify(src/manipulation) by extensions ['ros']
[0.298s] Level 1:colcon.colcon_core.package_identification:_identify(src/manipulation) by extension 'ros'
[0.298s] Level 1:colcon.colcon_core.package_identification:_identify(src/manipulation) by extensions ['cmake', 'python']
[0.298s] Level 1:colcon.colcon_core.package_identification:_identify(src/manipulation) by extension 'cmake'
[0.298s] Level 1:colcon.colcon_core.package_identification:_identify(src/manipulation) by extension 'python'
[0.298s] Level 1:colcon.colcon_core.package_identification:_identify(src/manipulation) by extensions ['python_setup_py']
[0.298s] Level 1:colcon.colcon_core.package_identification:_identify(src/manipulation) by extension 'python_setup_py'
[0.299s] Level 1:colcon.colcon_core.package_identification:_identify(src/manipulation/fri) by extensions ['ignore', 'ignore_ament_install']
[0.299s] Level 1:colcon.colcon_core.package_identification:_identify(src/manipulation/fri) by extension 'ignore'
[0.299s] Level 1:colcon.colcon_core.package_identification:_identify(src/manipulation/fri) by extension 'ignore_ament_install'
[0.299s] Level 1:colcon.colcon_core.package_identification:_identify(src/manipulation/fri) by extensions ['colcon_pkg']
[0.299s] Level 1:colcon.colcon_core.package_identification:_identify(src/manipulation/fri) by extension 'colcon_pkg'
[0.299s] Level 1:colcon.colcon_core.package_identification:_identify(src/manipulation/fri) by extensions ['colcon_meta']
[0.299s] Level 1:colcon.colcon_core.package_identification:_identify(src/manipulation/fri) by extension 'colcon_meta'
[0.299s] Level 1:colcon.colcon_core.package_identification:_identify(src/manipulation/fri) by extensions ['ros']
[0.299s] Level 1:colcon.colcon_core.package_identification:_identify(src/manipulation/fri) by extension 'ros'
[0.301s] DEBUG:colcon.colcon_core.package_identification:Package 'src/manipulation/fri' with type 'ros.cmake' and name 'fri_client_sdk'
[0.301s] Level 1:colcon.colcon_core.package_identification:_identify(src/manipulation/kuka_med_moveit_cpp) by extensions ['ignore', 'ignore_ament_install']
[0.301s] Level 1:colcon.colcon_core.package_identification:_identify(src/manipulation/kuka_med_moveit_cpp) by extension 'ignore'
[0.301s] Level 1:colcon.colcon_core.package_identification:_identify(src/manipulation/kuka_med_moveit_cpp) by extension 'ignore_ament_install'
[0.302s] Level 1:colcon.colcon_core.package_identification:_identify(src/manipulation/kuka_med_moveit_cpp) by extensions ['colcon_pkg']
[0.302s] Level 1:colcon.colcon_core.package_identification:_identify(src/manipulation/kuka_med_moveit_cpp) by extension 'colcon_pkg'
[0.302s] Level 1:colcon.colcon_core.package_identification:_identify(src/manipulation/kuka_med_moveit_cpp) by extensions ['colcon_meta']
[0.302s] Level 1:colcon.colcon_core.package_identification:_identify(src/manipulation/kuka_med_moveit_cpp) by extension 'colcon_meta'
[0.302s] Level 1:colcon.colcon_core.package_identification:_identify(src/manipulation/kuka_med_moveit_cpp) by extensions ['ros']
[0.302s] Level 1:colcon.colcon_core.package_identification:_identify(src/manipulation/kuka_med_moveit_cpp) by extension 'ros'
[0.302s] DEBUG:colcon.colcon_core.package_identification:Package 'src/manipulation/kuka_med_moveit_cpp' with type 'ros.ament_cmake' and name 'kuka_med_moveit_cpp'
[0.302s] Level 1:colcon.colcon_core.package_identification:_identify(src/manipulation/lbr_bringup) by extensions ['ignore', 'ignore_ament_install']
[0.303s] Level 1:colcon.colcon_core.package_identification:_identify(src/manipulation/lbr_bringup) by extension 'ignore'
[0.303s] Level 1:colcon.colcon_core.package_identification:_identify(src/manipulation/lbr_bringup) by extension 'ignore_ament_install'
[0.303s] Level 1:colcon.colcon_core.package_identification:_identify(src/manipulation/lbr_bringup) by extensions ['colcon_pkg']
[0.303s] Level 1:colcon.colcon_core.package_identification:_identify(src/manipulation/lbr_bringup) by extension 'colcon_pkg'
[0.303s] Level 1:colcon.colcon_core.package_identification:_identify(src/manipulation/lbr_bringup) by extensions ['colcon_meta']
[0.303s] Level 1:colcon.colcon_core.package_identification:_identify(src/manipulation/lbr_bringup) by extension 'colcon_meta'
[0.303s] Level 1:colcon.colcon_core.package_identification:_identify(src/manipulation/lbr_bringup) by extensions ['ros']
[0.303s] Level 1:colcon.colcon_core.package_identification:_identify(src/manipulation/lbr_bringup) by extension 'ros'
[0.304s] DEBUG:colcon.colcon_core.package_identification:Package 'src/manipulation/lbr_bringup' with type 'ros.ament_cmake' and name 'lbr_bringup'
[0.304s] Level 1:colcon.colcon_core.package_identification:_identify(src/manipulation/lbr_description) by extensions ['ignore', 'ignore_ament_install']
[0.304s] Level 1:colcon.colcon_core.package_identification:_identify(src/manipulation/lbr_description) by extension 'ignore'
[0.304s] Level 1:colcon.colcon_core.package_identification:_identify(src/manipulation/lbr_description) by extension 'ignore_ament_install'
[0.304s] Level 1:colcon.colcon_core.package_identification:_identify(src/manipulation/lbr_description) by extensions ['colcon_pkg']
[0.304s] Level 1:colcon.colcon_core.package_identification:_identify(src/manipulation/lbr_description) by extension 'colcon_pkg'
[0.304s] Level 1:colcon.colcon_core.package_identification:_identify(src/manipulation/lbr_description) by extensions ['colcon_meta']
[0.304s] Level 1:colcon.colcon_core.package_identification:_identify(src/manipulation/lbr_description) by extension 'colcon_meta'
[0.304s] Level 1:colcon.colcon_core.package_identification:_identify(src/manipulation/lbr_description) by extensions ['ros']
[0.304s] Level 1:colcon.colcon_core.package_identification:_identify(src/manipulation/lbr_description) by extension 'ros'
[0.305s] DEBUG:colcon.colcon_core.package_identification:Package 'src/manipulation/lbr_description' with type 'ros.ament_cmake' and name 'lbr_description'
[0.305s] Level 1:colcon.colcon_core.package_identification:_identify(src/manipulation/lbr_fri_idl) by extensions ['ignore', 'ignore_ament_install']
[0.305s] Level 1:colcon.colcon_core.package_identification:_identify(src/manipulation/lbr_fri_idl) by extension 'ignore'
[0.305s] Level 1:colcon.colcon_core.package_identification:_identify(src/manipulation/lbr_fri_idl) by extension 'ignore_ament_install'
[0.305s] Level 1:colcon.colcon_core.package_identification:_identify(src/manipulation/lbr_fri_idl) by extensions ['colcon_pkg']
[0.305s] Level 1:colcon.colcon_core.package_identification:_identify(src/manipulation/lbr_fri_idl) by extension 'colcon_pkg'
[0.305s] Level 1:colcon.colcon_core.package_identification:_identify(src/manipulation/lbr_fri_idl) by extensions ['colcon_meta']
[0.306s] Level 1:colcon.colcon_core.package_identification:_identify(src/manipulation/lbr_fri_idl) by extension 'colcon_meta'
[0.306s] Level 1:colcon.colcon_core.package_identification:_identify(src/manipulation/lbr_fri_idl) by extensions ['ros']
[0.306s] Level 1:colcon.colcon_core.package_identification:_identify(src/manipulation/lbr_fri_idl) by extension 'ros'
[0.307s] DEBUG:colcon.colcon_core.package_identification:Package 'src/manipulation/lbr_fri_idl' with type 'ros.ament_cmake' and name 'lbr_fri_idl'
[0.307s] Level 1:colcon.colcon_core.package_identification:_identify(src/manipulation/lbr_fri_ros2) by extensions ['ignore', 'ignore_ament_install']
[0.307s] Level 1:colcon.colcon_core.package_identification:_identify(src/manipulation/lbr_fri_ros2) by extension 'ignore'
[0.307s] Level 1:colcon.colcon_core.package_identification:_identify(src/manipulation/lbr_fri_ros2) by extension 'ignore_ament_install'
[0.307s] Level 1:colcon.colcon_core.package_identification:_identify(src/manipulation/lbr_fri_ros2) by extensions ['colcon_pkg']
[0.307s] Level 1:colcon.colcon_core.package_identification:_identify(src/manipulation/lbr_fri_ros2) by extension 'colcon_pkg'
[0.307s] Level 1:colcon.colcon_core.package_identification:_identify(src/manipulation/lbr_fri_ros2) by extensions ['colcon_meta']
[0.307s] Level 1:colcon.colcon_core.package_identification:_identify(src/manipulation/lbr_fri_ros2) by extension 'colcon_meta'
[0.307s] Level 1:colcon.colcon_core.package_identification:_identify(src/manipulation/lbr_fri_ros2) by extensions ['ros']
[0.307s] Level 1:colcon.colcon_core.package_identification:_identify(src/manipulation/lbr_fri_ros2) by extension 'ros'
[0.308s] DEBUG:colcon.colcon_core.package_identification:Package 'src/manipulation/lbr_fri_ros2' with type 'ros.ament_cmake' and name 'lbr_fri_ros2'
[0.308s] Level 1:colcon.colcon_core.package_identification:_identify(src/manipulation/lbr_moveit_config) by extensions ['ignore', 'ignore_ament_install']
[0.309s] Level 1:colcon.colcon_core.package_identification:_identify(src/manipulation/lbr_moveit_config) by extension 'ignore'
[0.309s] Level 1:colcon.colcon_core.package_identification:_identify(src/manipulation/lbr_moveit_config) by extension 'ignore_ament_install'
[0.309s] Level 1:colcon.colcon_core.package_identification:_identify(src/manipulation/lbr_moveit_config) by extensions ['colcon_pkg']
[0.309s] Level 1:colcon.colcon_core.package_identification:_identify(src/manipulation/lbr_moveit_config) by extension 'colcon_pkg'
[0.309s] Level 1:colcon.colcon_core.package_identification:_identify(src/manipulation/lbr_moveit_config) by extensions ['colcon_meta']
[0.309s] Level 1:colcon.colcon_core.package_identification:_identify(src/manipulation/lbr_moveit_config) by extension 'colcon_meta'
[0.309s] Level 1:colcon.colcon_core.package_identification:_identify(src/manipulation/lbr_moveit_config) by extensions ['ros']
[0.309s] Level 1:colcon.colcon_core.package_identification:_identify(src/manipulation/lbr_moveit_config) by extension 'ros'
[0.309s] Level 1:colcon.colcon_core.package_identification:_identify(src/manipulation/lbr_moveit_config) by extensions ['cmake', 'python']
[0.309s] Level 1:colcon.colcon_core.package_identification:_identify(src/manipulation/lbr_moveit_config) by extension 'cmake'
[0.309s] Level 1:colcon.colcon_core.package_identification:_identify(src/manipulation/lbr_moveit_config) by extension 'python'
[0.309s] Level 1:colcon.colcon_core.package_identification:_identify(src/manipulation/lbr_moveit_config) by extensions ['python_setup_py']
[0.309s] Level 1:colcon.colcon_core.package_identification:_identify(src/manipulation/lbr_moveit_config) by extension 'python_setup_py'
[0.309s] Level 1:colcon.colcon_core.package_identification:_identify(src/manipulation/lbr_moveit_config/doc) by extensions ['ignore', 'ignore_ament_install']
[0.310s] Level 1:colcon.colcon_core.package_identification:_identify(src/manipulation/lbr_moveit_config/doc) by extension 'ignore'
[0.310s] Level 1:colcon.colcon_core.package_identification:_identify(src/manipulation/lbr_moveit_config/doc) by extension 'ignore_ament_install'
[0.310s] Level 1:colcon.colcon_core.package_identification:_identify(src/manipulation/lbr_moveit_config/doc) by extensions ['colcon_pkg']
[0.310s] Level 1:colcon.colcon_core.package_identification:_identify(src/manipulation/lbr_moveit_config/doc) by extension 'colcon_pkg'
[0.310s] Level 1:colcon.colcon_core.package_identification:_identify(src/manipulation/lbr_moveit_config/doc) by extensions ['colcon_meta']
[0.310s] Level 1:colcon.colcon_core.package_identification:_identify(src/manipulation/lbr_moveit_config/doc) by extension 'colcon_meta'
[0.310s] Level 1:colcon.colcon_core.package_identification:_identify(src/manipulation/lbr_moveit_config/doc) by extensions ['ros']
[0.310s] Level 1:colcon.colcon_core.package_identification:_identify(src/manipulation/lbr_moveit_config/doc) by extension 'ros'
[0.310s] Level 1:colcon.colcon_core.package_identification:_identify(src/manipulation/lbr_moveit_config/doc) by extensions ['cmake', 'python']
[0.310s] Level 1:colcon.colcon_core.package_identification:_identify(src/manipulation/lbr_moveit_config/doc) by extension 'cmake'
[0.310s] Level 1:colcon.colcon_core.package_identification:_identify(src/manipulation/lbr_moveit_config/doc) by extension 'python'
[0.310s] Level 1:colcon.colcon_core.package_identification:_identify(src/manipulation/lbr_moveit_config/doc) by extensions ['python_setup_py']
[0.310s] Level 1:colcon.colcon_core.package_identification:_identify(src/manipulation/lbr_moveit_config/doc) by extension 'python_setup_py'
[0.310s] Level 1:colcon.colcon_core.package_identification:_identify(src/manipulation/lbr_moveit_config/doc/img) by extensions ['ignore', 'ignore_ament_install']
[0.311s] Level 1:colcon.colcon_core.package_identification:_identify(src/manipulation/lbr_moveit_config/doc/img) by extension 'ignore'
[0.311s] Level 1:colcon.colcon_core.package_identification:_identify(src/manipulation/lbr_moveit_config/doc/img) by extension 'ignore_ament_install'
[0.311s] Level 1:colcon.colcon_core.package_identification:_identify(src/manipulation/lbr_moveit_config/doc/img) by extensions ['colcon_pkg']
[0.311s] Level 1:colcon.colcon_core.package_identification:_identify(src/manipulation/lbr_moveit_config/doc/img) by extension 'colcon_pkg'
[0.311s] Level 1:colcon.colcon_core.package_identification:_identify(src/manipulation/lbr_moveit_config/doc/img) by extensions ['colcon_meta']
[0.311s] Level 1:colcon.colcon_core.package_identification:_identify(src/manipulation/lbr_moveit_config/doc/img) by extension 'colcon_meta'
[0.311s] Level 1:colcon.colcon_core.package_identification:_identify(src/manipulation/lbr_moveit_config/doc/img) by extensions ['ros']
[0.311s] Level 1:colcon.colcon_core.package_identification:_identify(src/manipulation/lbr_moveit_config/doc/img) by extension 'ros'
[0.311s] Level 1:colcon.colcon_core.package_identification:_identify(src/manipulation/lbr_moveit_config/doc/img) by extensions ['cmake', 'python']
[0.311s] Level 1:colcon.colcon_core.package_identification:_identify(src/manipulation/lbr_moveit_config/doc/img) by extension 'cmake'
[0.311s] Level 1:colcon.colcon_core.package_identification:_identify(src/manipulation/lbr_moveit_config/doc/img) by extension 'python'
[0.311s] Level 1:colcon.colcon_core.package_identification:_identify(src/manipulation/lbr_moveit_config/doc/img) by extensions ['python_setup_py']
[0.311s] Level 1:colcon.colcon_core.package_identification:_identify(src/manipulation/lbr_moveit_config/doc/img) by extension 'python_setup_py'
[0.311s] Level 1:colcon.colcon_core.package_identification:_identify(src/manipulation/lbr_moveit_config/iiwa14_moveit_config) by extensions ['ignore', 'ignore_ament_install']
[0.312s] Level 1:colcon.colcon_core.package_identification:_identify(src/manipulation/lbr_moveit_config/iiwa14_moveit_config) by extension 'ignore'
[0.312s] Level 1:colcon.colcon_core.package_identification:_identify(src/manipulation/lbr_moveit_config/iiwa14_moveit_config) by extension 'ignore_ament_install'
[0.312s] Level 1:colcon.colcon_core.package_identification:_identify(src/manipulation/lbr_moveit_config/iiwa14_moveit_config) by extensions ['colcon_pkg']
[0.312s] Level 1:colcon.colcon_core.package_identification:_identify(src/manipulation/lbr_moveit_config/iiwa14_moveit_config) by extension 'colcon_pkg'
[0.312s] Level 1:colcon.colcon_core.package_identification:_identify(src/manipulation/lbr_moveit_config/iiwa14_moveit_config) by extensions ['colcon_meta']
[0.312s] Level 1:colcon.colcon_core.package_identification:_identify(src/manipulation/lbr_moveit_config/iiwa14_moveit_config) by extension 'colcon_meta'
[0.312s] Level 1:colcon.colcon_core.package_identification:_identify(src/manipulation/lbr_moveit_config/iiwa14_moveit_config) by extensions ['ros']
[0.312s] Level 1:colcon.colcon_core.package_identification:_identify(src/manipulation/lbr_moveit_config/iiwa14_moveit_config) by extension 'ros'
[0.313s] DEBUG:colcon.colcon_core.package_identification:Package 'src/manipulation/lbr_moveit_config/iiwa14_moveit_config' with type 'ros.ament_cmake' and name 'iiwa14_moveit_config'
[0.313s] Level 1:colcon.colcon_core.package_identification:_identify(src/manipulation/lbr_moveit_config/iiwa7_moveit_config) by extensions ['ignore', 'ignore_ament_install']
[0.313s] Level 1:colcon.colcon_core.package_identification:_identify(src/manipulation/lbr_moveit_config/iiwa7_moveit_config) by extension 'ignore'
[0.314s] Level 1:colcon.colcon_core.package_identification:_identify(src/manipulation/lbr_moveit_config/iiwa7_moveit_config) by extension 'ignore_ament_install'
[0.314s] Level 1:colcon.colcon_core.package_identification:_identify(src/manipulation/lbr_moveit_config/iiwa7_moveit_config) by extensions ['colcon_pkg']
[0.314s] Level 1:colcon.colcon_core.package_identification:_identify(src/manipulation/lbr_moveit_config/iiwa7_moveit_config) by extension 'colcon_pkg'
[0.314s] Level 1:colcon.colcon_core.package_identification:_identify(src/manipulation/lbr_moveit_config/iiwa7_moveit_config) by extensions ['colcon_meta']
[0.314s] Level 1:colcon.colcon_core.package_identification:_identify(src/manipulation/lbr_moveit_config/iiwa7_moveit_config) by extension 'colcon_meta'
[0.314s] Level 1:colcon.colcon_core.package_identification:_identify(src/manipulation/lbr_moveit_config/iiwa7_moveit_config) by extensions ['ros']
[0.314s] Level 1:colcon.colcon_core.package_identification:_identify(src/manipulation/lbr_moveit_config/iiwa7_moveit_config) by extension 'ros'
[0.315s] DEBUG:colcon.colcon_core.package_identification:Package 'src/manipulation/lbr_moveit_config/iiwa7_moveit_config' with type 'ros.ament_cmake' and name 'iiwa7_moveit_config'
[0.315s] Level 1:colcon.colcon_core.package_identification:_identify(src/manipulation/lbr_moveit_config/med14_moveit_config) by extensions ['ignore', 'ignore_ament_install']
[0.315s] Level 1:colcon.colcon_core.package_identification:_identify(src/manipulation/lbr_moveit_config/med14_moveit_config) by extension 'ignore'
[0.315s] Level 1:colcon.colcon_core.package_identification:_identify(src/manipulation/lbr_moveit_config/med14_moveit_config) by extension 'ignore_ament_install'
[0.315s] Level 1:colcon.colcon_core.package_identification:_identify(src/manipulation/lbr_moveit_config/med14_moveit_config) by extensions ['colcon_pkg']
[0.315s] Level 1:colcon.colcon_core.package_identification:_identify(src/manipulation/lbr_moveit_config/med14_moveit_config) by extension 'colcon_pkg'
[0.316s] Level 1:colcon.colcon_core.package_identification:_identify(src/manipulation/lbr_moveit_config/med14_moveit_config) by extensions ['colcon_meta']
[0.316s] Level 1:colcon.colcon_core.package_identification:_identify(src/manipulation/lbr_moveit_config/med14_moveit_config) by extension 'colcon_meta'
[0.316s] Level 1:colcon.colcon_core.package_identification:_identify(src/manipulation/lbr_moveit_config/med14_moveit_config) by extensions ['ros']
[0.316s] Level 1:colcon.colcon_core.package_identification:_identify(src/manipulation/lbr_moveit_config/med14_moveit_config) by extension 'ros'
[0.316s] DEBUG:colcon.colcon_core.package_identification:Package 'src/manipulation/lbr_moveit_config/med14_moveit_config' with type 'ros.ament_cmake' and name 'med14_moveit_config'
[0.317s] Level 1:colcon.colcon_core.package_identification:_identify(src/manipulation/lbr_moveit_config/med7_moveit_config) by extensions ['ignore', 'ignore_ament_install']
[0.317s] Level 1:colcon.colcon_core.package_identification:_identify(src/manipulation/lbr_moveit_config/med7_moveit_config) by extension 'ignore'
[0.317s] Level 1:colcon.colcon_core.package_identification:_identify(src/manipulation/lbr_moveit_config/med7_moveit_config) by extension 'ignore_ament_install'
[0.317s] Level 1:colcon.colcon_core.package_identification:_identify(src/manipulation/lbr_moveit_config/med7_moveit_config) by extensions ['colcon_pkg']
[0.317s] Level 1:colcon.colcon_core.package_identification:_identify(src/manipulation/lbr_moveit_config/med7_moveit_config) by extension 'colcon_pkg'
[0.317s] Level 1:colcon.colcon_core.package_identification:_identify(src/manipulation/lbr_moveit_config/med7_moveit_config) by extensions ['colcon_meta']
[0.317s] Level 1:colcon.colcon_core.package_identification:_identify(src/manipulation/lbr_moveit_config/med7_moveit_config) by extension 'colcon_meta'
[0.317s] Level 1:colcon.colcon_core.package_identification:_identify(src/manipulation/lbr_moveit_config/med7_moveit_config) by extensions ['ros']
[0.317s] Level 1:colcon.colcon_core.package_identification:_identify(src/manipulation/lbr_moveit_config/med7_moveit_config) by extension 'ros'
[0.318s] DEBUG:colcon.colcon_core.package_identification:Package 'src/manipulation/lbr_moveit_config/med7_moveit_config' with type 'ros.ament_cmake' and name 'med7_moveit_config'
[0.318s] Level 1:colcon.colcon_core.package_identification:_identify(src/manipulation/lbr_ros2_control) by extensions ['ignore', 'ignore_ament_install']
[0.318s] Level 1:colcon.colcon_core.package_identification:_identify(src/manipulation/lbr_ros2_control) by extension 'ignore'
[0.318s] Level 1:colcon.colcon_core.package_identification:_identify(src/manipulation/lbr_ros2_control) by extension 'ignore_ament_install'
[0.318s] Level 1:colcon.colcon_core.package_identification:_identify(src/manipulation/lbr_ros2_control) by extensions ['colcon_pkg']
[0.319s] Level 1:colcon.colcon_core.package_identification:_identify(src/manipulation/lbr_ros2_control) by extension 'colcon_pkg'
[0.319s] Level 1:colcon.colcon_core.package_identification:_identify(src/manipulation/lbr_ros2_control) by extensions ['colcon_meta']
[0.319s] Level 1:colcon.colcon_core.package_identification:_identify(src/manipulation/lbr_ros2_control) by extension 'colcon_meta'
[0.319s] Level 1:colcon.colcon_core.package_identification:_identify(src/manipulation/lbr_ros2_control) by extensions ['ros']
[0.319s] Level 1:colcon.colcon_core.package_identification:_identify(src/manipulation/lbr_ros2_control) by extension 'ros'
[0.320s] DEBUG:colcon.colcon_core.package_identification:Package 'src/manipulation/lbr_ros2_control' with type 'ros.ament_cmake' and name 'lbr_ros2_control'
[0.320s] Level 1:colcon.colcon_core.package_identification:_identify(src/perception) by extensions ['ignore', 'ignore_ament_install']
[0.320s] Level 1:colcon.colcon_core.package_identification:_identify(src/perception) by extension 'ignore'
[0.320s] Level 1:colcon.colcon_core.package_identification:_identify(src/perception) by extension 'ignore_ament_install'
[0.320s] Level 1:colcon.colcon_core.package_identification:_identify(src/perception) by extensions ['colcon_pkg']
[0.320s] Level 1:colcon.colcon_core.package_identification:_identify(src/perception) by extension 'colcon_pkg'
[0.320s] Level 1:colcon.colcon_core.package_identification:_identify(src/perception) by extensions ['colcon_meta']
[0.320s] Level 1:colcon.colcon_core.package_identification:_identify(src/perception) by extension 'colcon_meta'
[0.320s] Level 1:colcon.colcon_core.package_identification:_identify(src/perception) by extensions ['ros']
[0.320s] Level 1:colcon.colcon_core.package_identification:_identify(src/perception) by extension 'ros'
[0.321s] Level 1:colcon.colcon_core.package_identification:_identify(src/perception) by extensions ['cmake', 'python']
[0.321s] Level 1:colcon.colcon_core.package_identification:_identify(src/perception) by extension 'cmake'
[0.321s] Level 1:colcon.colcon_core.package_identification:_identify(src/perception) by extension 'python'
[0.321s] Level 1:colcon.colcon_core.package_identification:_identify(src/perception) by extensions ['python_setup_py']
[0.321s] Level 1:colcon.colcon_core.package_identification:_identify(src/perception) by extension 'python_setup_py'
[0.321s] Level 1:colcon.colcon_core.package_identification:_identify(src/vision_pro) by extensions ['ignore', 'ignore_ament_install']
[0.321s] Level 1:colcon.colcon_core.package_identification:_identify(src/vision_pro) by extension 'ignore'
[0.321s] Level 1:colcon.colcon_core.package_identification:_identify(src/vision_pro) by extension 'ignore_ament_install'
[0.321s] Level 1:colcon.colcon_core.package_identification:_identify(src/vision_pro) by extensions ['colcon_pkg']
[0.321s] Level 1:colcon.colcon_core.package_identification:_identify(src/vision_pro) by extension 'colcon_pkg'
[0.321s] Level 1:colcon.colcon_core.package_identification:_identify(src/vision_pro) by extensions ['colcon_meta']
[0.321s] Level 1:colcon.colcon_core.package_identification:_identify(src/vision_pro) by extension 'colcon_meta'
[0.321s] Level 1:colcon.colcon_core.package_identification:_identify(src/vision_pro) by extensions ['ros']
[0.322s] Level 1:colcon.colcon_core.package_identification:_identify(src/vision_pro) by extension 'ros'
[0.322s] Level 1:colcon.colcon_core.package_identification:_identify(src/vision_pro) by extensions ['cmake', 'python']
[0.322s] Level 1:colcon.colcon_core.package_identification:_identify(src/vision_pro) by extension 'cmake'
[0.322s] Level 1:colcon.colcon_core.package_identification:_identify(src/vision_pro) by extension 'python'
[0.322s] Level 1:colcon.colcon_core.package_identification:_identify(src/vision_pro) by extensions ['python_setup_py']
[0.322s] Level 1:colcon.colcon_core.package_identification:_identify(src/vision_pro) by extension 'python_setup_py'
[0.322s] Level 1:colcon.colcon_core.package_discovery:discover_packages(recursive) using defaults
[0.322s] Level 1:colcon.colcon_core.package_discovery:discover_packages(ignore) discover
[0.322s] Level 1:colcon.colcon_core.package_discovery:discover_packages(ignore) using defaults
[0.322s] Level 1:colcon.colcon_core.package_discovery:discover_packages(path) discover
[0.322s] Level 1:colcon.colcon_core.package_discovery:discover_packages(path) using defaults
