[0.109s] Invoking command in '/mnt/c/Users/12693/Desktop/Boneparte/build/fri_client_sdk': CMAKE_PREFIX_PATH=${CMAKE_PREFIX_PATH}:/opt/ros/humble CONDA_PROMPT_MODIFIER=(base) /usr/bin/cmake /mnt/c/Users/12693/Desktop/Boneparte/src/manipulation/fri -DCMAKE_INSTALL_PREFIX=/mnt/c/Users/12693/Desktop/Boneparte/install/fri_client_sdk
[0.439s] -- The C compiler identification is GNU 11.4.0
[0.911s] -- The CXX compiler identification is GNU 11.4.0
[1.176s] -- Detecting C compiler ABI info
[1.945s] -- Detecting C compiler ABI info - done
[1.975s] -- Check for working C compiler: /usr/bin/cc - skipped
[1.976s] -- Detecting C compile features
[1.977s] -- Detecting C compile features - done
[2.057s] -- Detecting CXX compiler ABI info
[2.834s] -- Detecting CXX compiler ABI info - done
[2.862s] -- Check for working CXX compiler: /usr/bin/c++ - skipped
[2.863s] -- Detecting CXX compile features
[2.864s] -- Detecting CXX compile features - done
[3.683s] [0mFound nanopb of version: 0.2.8[0m
[3.687s] [0mFound FRIClient of version: 1.15[0m
[3.752s] -- Configuring FRIClient version 1.15
[4.007s] -- Configuring done
[5.028s] -- Generating done
[5.223s] -- Build files have been written to: /mnt/c/Users/12693/Desktop/Boneparte/build/fri_client_sdk
[5.250s] Invoked command in '/mnt/c/Users/12693/Desktop/Boneparte/build/fri_client_sdk' returned '0': CMAKE_PREFIX_PATH=${CMAKE_PREFIX_PATH}:/opt/ros/humble CONDA_PROMPT_MODIFIER=(base) /usr/bin/cmake /mnt/c/Users/12693/Desktop/Boneparte/src/manipulation/fri -DCMAKE_INSTALL_PREFIX=/mnt/c/Users/12693/Desktop/Boneparte/install/fri_client_sdk
[5.261s] Invoking command in '/mnt/c/Users/12693/Desktop/Boneparte/build/fri_client_sdk': CMAKE_PREFIX_PATH=${CMAKE_PREFIX_PATH}:/opt/ros/humble CONDA_PROMPT_MODIFIER=(base) /usr/bin/cmake --build /mnt/c/Users/12693/Desktop/Boneparte/build/fri_client_sdk -- -j4 -l4
[5.493s] [ 15%] [32mBuilding CXX object CMakeFiles/FRIClient.dir/FRI-Client-SDK_Cpp/src/base/friClientApplication.cpp.o[0m
[5.495s] [ 15%] [32mBuilding CXX object CMakeFiles/FRIClient.dir/FRI-Client-SDK_Cpp/src/client_lbr/friLBRClient.cpp.o[0m
[5.503s] [ 23%] [32mBuilding CXX object CMakeFiles/FRIClient.dir/FRI-Client-SDK_Cpp/src/client_lbr/friLBRCommand.cpp.o[0m
[5.510s] [ 30%] [32mBuilding CXX object CMakeFiles/FRIClient.dir/FRI-Client-SDK_Cpp/src/client_lbr/friLBRState.cpp.o[0m
[6.111s] [ 38%] [32mBuilding CXX object CMakeFiles/FRIClient.dir/FRI-Client-SDK_Cpp/src/client_trafo/friTransformationClient.cpp.o[0m
[6.144s] [ 46%] [32mBuilding CXX object CMakeFiles/FRIClient.dir/FRI-Client-SDK_Cpp/src/connection/friUdpConnection.cpp.o[0m
[6.181s] [ 53%] [32mBuilding CXX object CMakeFiles/FRIClient.dir/FRI-Client-SDK_Cpp/src/protobuf/friCommandMessageEncoder.cpp.o[0m
[6.234s] [ 61%] [32mBuilding CXX object CMakeFiles/FRIClient.dir/FRI-Client-SDK_Cpp/src/protobuf/friMonitoringMessageDecoder.cpp.o[0m
[6.506s] [ 69%] [32mBuilding C object CMakeFiles/FRIClient.dir/FRI-Client-SDK_Cpp/src/protobuf/pb_frimessages_callbacks.c.o[0m
[6.591s] [ 76%] [32mBuilding C object CMakeFiles/FRIClient.dir/FRI-Client-SDK_Cpp/src/protobuf_gen/FRIMessages.pb.c.o[0m
[6.747s] [ 84%] [32mBuilding C object CMakeFiles/FRIClient.dir/FRI-Client-SDK_Cpp/src/nanopb-0.2.8/pb_decode.c.o[0m
[6.823s] [ 92%] [32mBuilding C object CMakeFiles/FRIClient.dir/FRI-Client-SDK_Cpp/src/nanopb-0.2.8/pb_encode.c.o[0m
[7.152s] [100%] [32m[1mLinking CXX shared library libFRIClient.so[0m
[7.600s] [100%] Built target FRIClient
[7.727s] Invoked command in '/mnt/c/Users/12693/Desktop/Boneparte/build/fri_client_sdk' returned '0': CMAKE_PREFIX_PATH=${CMAKE_PREFIX_PATH}:/opt/ros/humble CONDA_PROMPT_MODIFIER=(base) /usr/bin/cmake --build /mnt/c/Users/12693/Desktop/Boneparte/build/fri_client_sdk -- -j4 -l4
[7.751s] Invoking command in '/mnt/c/Users/12693/Desktop/Boneparte/build/fri_client_sdk': CMAKE_PREFIX_PATH=${CMAKE_PREFIX_PATH}:/opt/ros/humble CONDA_PROMPT_MODIFIER=(base) /usr/bin/cmake --install /mnt/c/Users/12693/Desktop/Boneparte/build/fri_client_sdk
[7.762s] -- Install configuration: "Release"
[7.774s] -- Installing: /mnt/c/Users/12693/Desktop/Boneparte/install/fri_client_sdk/lib/libFRIClient.so
[7.832s] -- Installing: /mnt/c/Users/12693/Desktop/Boneparte/install/fri_client_sdk/include
[7.852s] -- Installing: /mnt/c/Users/12693/Desktop/Boneparte/install/fri_client_sdk/include/friClientApplication.h
[7.912s] -- Installing: /mnt/c/Users/12693/Desktop/Boneparte/install/fri_client_sdk/include/friClientIf.h
[7.970s] -- Installing: /mnt/c/Users/12693/Desktop/Boneparte/install/fri_client_sdk/include/friClientVersion.h
[8.031s] -- Installing: /mnt/c/Users/12693/Desktop/Boneparte/install/fri_client_sdk/include/friConnectionIf.h
[8.098s] -- Installing: /mnt/c/Users/12693/Desktop/Boneparte/install/fri_client_sdk/include/friException.h
[8.160s] -- Installing: /mnt/c/Users/12693/Desktop/Boneparte/install/fri_client_sdk/include/friLBRClient.h
[8.221s] -- Installing: /mnt/c/Users/12693/Desktop/Boneparte/install/fri_client_sdk/include/friLBRCommand.h
[8.289s] -- Installing: /mnt/c/Users/12693/Desktop/Boneparte/install/fri_client_sdk/include/friLBRState.h
[8.348s] -- Installing: /mnt/c/Users/12693/Desktop/Boneparte/install/fri_client_sdk/include/friTransformationClient.h
[8.408s] -- Installing: /mnt/c/Users/12693/Desktop/Boneparte/install/fri_client_sdk/include/friUdpConnection.h
[8.503s] -- Installing: /mnt/c/Users/12693/Desktop/Boneparte/install/fri_client_sdk/lib/cmake/FRIClient/FRIClientConfig.cmake
[8.619s] -- Installing: /mnt/c/Users/12693/Desktop/Boneparte/install/fri_client_sdk/lib/cmake/FRIClient/FRIClientConfig-release.cmake
[8.713s] -- Installing: /mnt/c/Users/12693/Desktop/Boneparte/install/fri_client_sdk/lib/cmake/FRIClient/FRIClientConfigVersion.cmake
[8.771s] Invoked command in '/mnt/c/Users/12693/Desktop/Boneparte/build/fri_client_sdk' returned '0': CMAKE_PREFIX_PATH=${CMAKE_PREFIX_PATH}:/opt/ros/humble CONDA_PROMPT_MODIFIER=(base) /usr/bin/cmake --install /mnt/c/Users/12693/Desktop/Boneparte/build/fri_client_sdk
