[0.008s] Invoking command in '/home/genisis/Boneparte/build/lbr_description': /usr/bin/cmake /home/genisis/Boneparte/src/manipulation/lbr_description -DAMENT_CMAKE_SYMLINK_INSTALL=1 -DCMAKE_INSTALL_PREFIX=/home/genisis/Boneparte/install/lbr_description
[0.057s] -- The C compiler identification is GNU 11.4.0
[0.116s] -- The CXX compiler identification is GNU 11.4.0
[0.125s] -- Detecting C compiler ABI info
[0.186s] -- Detecting C compiler ABI info - done
[0.200s] -- Check for working C compiler: /usr/bin/cc - skipped
[0.200s] -- Detecting C compile features
[0.200s] -- Detecting C compile features - done
[0.204s] -- Detecting CXX compiler ABI info
[0.289s] -- Detecting CXX compiler ABI info - done
[0.299s] -- Check for working CXX compiler: /usr/bin/c++ - skipped
[0.299s] -- Detecting CXX compile features
[0.300s] -- Detecting CXX compile features - done
[0.309s] [31mCMake Error at CMakeLists.txt:9 (find_package):
[0.309s]   By not providing "Findament_cmake.cmake" in CMAKE_MODULE_PATH this project
[0.309s]   has asked CMake to find a package configuration file provided by
[0.309s]   "ament_cmake", but CMake did not find one.
[0.309s] 
[0.309s]   Could not find a package configuration file provided by "ament_cmake" with
[0.310s]   any of the following names:
[0.310s] 
[0.310s]     ament_cmakeConfig.cmake
[0.310s]     ament_cmake-config.cmake
[0.310s] 
[0.310s]   Add the installation prefix of "ament_cmake" to CMAKE_PREFIX_PATH or set
[0.310s]   "ament_cmake_DIR" to a directory containing one of the above files.  If
[0.310s]   "ament_cmake" provides a separate development package or SDK, be sure it
[0.310s]   has been installed.
[0.310s] 
[0.310s] [0m
[0.310s] -- Configuring incomplete, errors occurred!
[0.311s] See also "/home/genisis/Boneparte/build/lbr_description/CMakeFiles/CMakeOutput.log".
[0.312s] Invoked command in '/home/genisis/Boneparte/build/lbr_description' returned '1': /usr/bin/cmake /home/genisis/Boneparte/src/manipulation/lbr_description -DAMENT_CMAKE_SYMLINK_INSTALL=1 -DCMAKE_INSTALL_PREFIX=/home/genisis/Boneparte/install/lbr_description
