[0.010s] Invoking command in '/home/genisis/Boneparte/build/lbr_fri_ros2': AMENT_PREFIX_PATH=/home/genisis/Boneparte/install/lbr_fri_idl:/home/genisis/Boneparte/install/lbr_description:${AMENT_PREFIX_PATH} CMAKE_PREFIX_PATH=/home/genisis/Boneparte/install/lbr_fri_idl:/home/genisis/Boneparte/install/lbr_description:/home/genisis/Boneparte/install/fri_client_sdk:/opt/ros/humble LD_LIBRARY_PATH=/home/genisis/Boneparte/install/lbr_fri_idl/lib:/home/genisis/Boneparte/install/fri_client_sdk/lib:${LD_LIBRARY_PATH} PKG_CONFIG_PATH=/home/genisis/Boneparte/install/fri_client_sdk/lib/x86_64-linux-gnu/pkgconfig:/home/genisis/Boneparte/install/fri_client_sdk/lib/pkgconfig PYTHONPATH=/home/genisis/Boneparte/install/lbr_fri_idl/local/lib/python3.10/dist-packages:${PYTHONPATH} /usr/bin/cmake /home/genisis/Boneparte/src/manipulation/lbr_fri_ros2 -DAMENT_CMAKE_SYMLINK_INSTALL=1 -DCMAKE_INSTALL_PREFIX=/home/genisis/Boneparte/install/lbr_fri_ros2
[0.174s] -- The C compiler identification is GNU 11.4.0
[0.228s] -- The CXX compiler identification is GNU 11.4.0
[0.235s] -- Detecting C compiler ABI info
[0.296s] -- Detecting C compiler ABI info - done
[0.303s] -- Check for working C compiler: /usr/bin/cc - skipped
[0.303s] -- Detecting C compile features
[0.304s] -- Detecting C compile features - done
[0.306s] -- Detecting CXX compiler ABI info
[0.378s] -- Detecting CXX compiler ABI info - done
[0.385s] -- Check for working CXX compiler: /usr/bin/c++ - skipped
[0.386s] -- Detecting CXX compile features
[0.386s] -- Detecting CXX compile features - done
[0.388s] -- Found ament_cmake: 1.3.11 (/opt/ros/humble/share/ament_cmake/cmake)
[0.542s] -- Found Python3: /usr/bin/python3 (found version "3.10.12") found components: Interpreter 
[0.598s] -- Override CMake install command with custom implementation using symlinks instead of copying resources
[0.646s] -- Found eigen3_cmake_module: 0.1.1 (/opt/ros/humble/share/eigen3_cmake_module/cmake)
[0.651s] -- Found Eigen3: TRUE (found version "3.4.0") 
[0.655s] -- Found geometry_msgs: 4.2.4 (/opt/ros/humble/share/geometry_msgs/cmake)
[0.710s] -- Found rosidl_generator_c: 3.1.6 (/opt/ros/humble/share/rosidl_generator_c/cmake)
[0.716s] -- Found rosidl_adapter: 3.1.6 (/opt/ros/humble/share/rosidl_adapter/cmake)
[0.724s] -- Found rosidl_generator_cpp: 3.1.6 (/opt/ros/humble/share/rosidl_generator_cpp/cmake)
[0.741s] -- Using all available rosidl_typesupport_c: rosidl_typesupport_fastrtps_c;rosidl_typesupport_introspection_c
[0.757s] -- Using all available rosidl_typesupport_cpp: rosidl_typesupport_fastrtps_cpp;rosidl_typesupport_introspection_cpp
[0.794s] -- Found kdl_parser: 2.6.4 (/opt/ros/humble/share/kdl_parser/cmake)
[0.801s] -- Ensuring Eigen3 include directory is part of orocos-kdl CMake target
[0.804s] -- Found lbr_fri_idl: 1.5.0 (/home/genisis/Boneparte/install/lbr_fri_idl/share/lbr_fri_idl/cmake)
[0.817s] -- Found rclcpp: 16.0.11 (/opt/ros/humble/share/rclcpp/cmake)
[0.854s] -- Found rmw_implementation_cmake: 6.1.2 (/opt/ros/humble/share/rmw_implementation_cmake/cmake)
[0.856s] -- Found rmw_cyclonedds_cpp: 1.3.4 (/opt/ros/humble/share/rmw_cyclonedds_cpp/cmake)
[0.877s] -- Using RMW implementation 'rmw_cyclonedds_cpp' as default
[0.886s] -- Looking for pthread.h
[0.959s] -- Looking for pthread.h - found
[0.959s] -- Performing Test CMAKE_HAVE_LIBC_PTHREAD
[1.024s] -- Performing Test CMAKE_HAVE_LIBC_PTHREAD - Success
[1.025s] -- Found Threads: TRUE  
[1.063s] -- Found realtime_tools: 2.11.0 (/opt/ros/humble/share/realtime_tools/cmake)
[1.100s] -- Found urdf: 2.6.1 (/opt/ros/humble/share/urdf/cmake)
[1.136s] -- Found ament_cmake_gtest: 1.3.11 (/opt/ros/humble/share/ament_cmake_gtest/cmake)
[1.139s] -- Found gtest sources under '/opt/ros/humble/src/gtest_vendor': C++ tests using 'Google Test' will be built
[1.202s] -- Configuring done
[1.223s] -- Generating done
[1.229s] -- Build files have been written to: /home/genisis/Boneparte/build/lbr_fri_ros2
[1.237s] Invoked command in '/home/genisis/Boneparte/build/lbr_fri_ros2' returned '0': AMENT_PREFIX_PATH=/home/genisis/Boneparte/install/lbr_fri_idl:/home/genisis/Boneparte/install/lbr_description:${AMENT_PREFIX_PATH} CMAKE_PREFIX_PATH=/home/genisis/Boneparte/install/lbr_fri_idl:/home/genisis/Boneparte/install/lbr_description:/home/genisis/Boneparte/install/fri_client_sdk:/opt/ros/humble LD_LIBRARY_PATH=/home/genisis/Boneparte/install/lbr_fri_idl/lib:/home/genisis/Boneparte/install/fri_client_sdk/lib:${LD_LIBRARY_PATH} PKG_CONFIG_PATH=/home/genisis/Boneparte/install/fri_client_sdk/lib/x86_64-linux-gnu/pkgconfig:/home/genisis/Boneparte/install/fri_client_sdk/lib/pkgconfig PYTHONPATH=/home/genisis/Boneparte/install/lbr_fri_idl/local/lib/python3.10/dist-packages:${PYTHONPATH} /usr/bin/cmake /home/genisis/Boneparte/src/manipulation/lbr_fri_ros2 -DAMENT_CMAKE_SYMLINK_INSTALL=1 -DCMAKE_INSTALL_PREFIX=/home/genisis/Boneparte/install/lbr_fri_ros2
[1.238s] Invoking command in '/home/genisis/Boneparte/build/lbr_fri_ros2': AMENT_PREFIX_PATH=/home/genisis/Boneparte/install/lbr_fri_idl:/home/genisis/Boneparte/install/lbr_description:${AMENT_PREFIX_PATH} CMAKE_PREFIX_PATH=/home/genisis/Boneparte/install/lbr_fri_idl:/home/genisis/Boneparte/install/lbr_description:/home/genisis/Boneparte/install/fri_client_sdk:/opt/ros/humble LD_LIBRARY_PATH=/home/genisis/Boneparte/install/lbr_fri_idl/lib:/home/genisis/Boneparte/install/fri_client_sdk/lib:${LD_LIBRARY_PATH} PKG_CONFIG_PATH=/home/genisis/Boneparte/install/fri_client_sdk/lib/x86_64-linux-gnu/pkgconfig:/home/genisis/Boneparte/install/fri_client_sdk/lib/pkgconfig PYTHONPATH=/home/genisis/Boneparte/install/lbr_fri_idl/local/lib/python3.10/dist-packages:${PYTHONPATH} /usr/bin/cmake --build /home/genisis/Boneparte/build/lbr_fri_ros2 -- -j8 -l8
[1.288s] [ 10%] [32mBuilding CXX object gtest/CMakeFiles/gtest.dir/src/gtest-all.cc.o[0m
[1.288s] [ 15%] [32mBuilding CXX object CMakeFiles/lbr_fri_ros2.dir/src/interfaces/state.cpp.o[0m
[1.288s] [ 20%] [32mBuilding CXX object CMakeFiles/lbr_fri_ros2.dir/src/interfaces/torque_command.cpp.o[0m
[1.288s] [ 25%] [32mBuilding CXX object CMakeFiles/lbr_fri_ros2.dir/src/interfaces/base_command.cpp.o[0m
[1.289s] [ 10%] [32mBuilding CXX object CMakeFiles/lbr_fri_ros2.dir/src/interfaces/position_command.cpp.o[0m
[1.290s] [ 30%] [32mBuilding CXX object CMakeFiles/lbr_fri_ros2.dir/src/interfaces/wrench_command.cpp.o[0m
[1.290s] [ 35%] [32mBuilding CXX object gtest/CMakeFiles/gtest_main.dir/src/gtest_main.cc.o[0m
[1.293s] [ 40%] [32mBuilding CXX object CMakeFiles/lbr_fri_ros2.dir/src/app.cpp.o[0m
[3.066s] [ 45%] [32mBuilding CXX object CMakeFiles/lbr_fri_ros2.dir/src/async_client.cpp.o[0m
[3.349s] [ 50%] [32mBuilding CXX object CMakeFiles/lbr_fri_ros2.dir/src/command_guard.cpp.o[0m
[3.357s] [ 55%] [32m[1mLinking CXX static library libgtest_main.a[0m
[3.446s] [ 55%] Built target gtest_main
[3.468s] [ 60%] [32mBuilding CXX object CMakeFiles/lbr_fri_ros2.dir/src/control.cpp.o[0m
[3.584s] [ 65%] [32mBuilding CXX object CMakeFiles/lbr_fri_ros2.dir/src/filters.cpp.o[0m
[3.698s] [ 70%] [32mBuilding CXX object CMakeFiles/lbr_fri_ros2.dir/src/ft_estimator.cpp.o[0m
[3.725s] [ 75%] [32mBuilding CXX object CMakeFiles/lbr_fri_ros2.dir/src/kinematics.cpp.o[0m
[4.712s] [ 80%] [32mBuilding CXX object CMakeFiles/lbr_fri_ros2.dir/src/worker.cpp.o[0m
[10.689s] [ 85%] [32m[1mLinking CXX static library libgtest.a[0m
[10.727s] [ 85%] Built target gtest
[18.230s] [ 90%] [32m[1mLinking CXX shared library liblbr_fri_ros2.so[0m
[18.367s] [ 90%] Built target lbr_fri_ros2
[18.385s] [ 95%] [32mBuilding CXX object CMakeFiles/test_command_interfaces.dir/test/test_command_interfaces.cpp.o[0m
[20.377s] [100%] [32m[1mLinking CXX executable test_command_interfaces[0m
[20.494s] [100%] Built target test_command_interfaces
[20.504s] Invoked command in '/home/genisis/Boneparte/build/lbr_fri_ros2' returned '0': AMENT_PREFIX_PATH=/home/genisis/Boneparte/install/lbr_fri_idl:/home/genisis/Boneparte/install/lbr_description:${AMENT_PREFIX_PATH} CMAKE_PREFIX_PATH=/home/genisis/Boneparte/install/lbr_fri_idl:/home/genisis/Boneparte/install/lbr_description:/home/genisis/Boneparte/install/fri_client_sdk:/opt/ros/humble LD_LIBRARY_PATH=/home/genisis/Boneparte/install/lbr_fri_idl/lib:/home/genisis/Boneparte/install/fri_client_sdk/lib:${LD_LIBRARY_PATH} PKG_CONFIG_PATH=/home/genisis/Boneparte/install/fri_client_sdk/lib/x86_64-linux-gnu/pkgconfig:/home/genisis/Boneparte/install/fri_client_sdk/lib/pkgconfig PYTHONPATH=/home/genisis/Boneparte/install/lbr_fri_idl/local/lib/python3.10/dist-packages:${PYTHONPATH} /usr/bin/cmake --build /home/genisis/Boneparte/build/lbr_fri_ros2 -- -j8 -l8
[20.505s] Invoking command in '/home/genisis/Boneparte/build/lbr_fri_ros2': AMENT_PREFIX_PATH=/home/genisis/Boneparte/install/lbr_fri_idl:/home/genisis/Boneparte/install/lbr_description:${AMENT_PREFIX_PATH} CMAKE_PREFIX_PATH=/home/genisis/Boneparte/install/lbr_fri_idl:/home/genisis/Boneparte/install/lbr_description:/home/genisis/Boneparte/install/fri_client_sdk:/opt/ros/humble LD_LIBRARY_PATH=/home/genisis/Boneparte/install/lbr_fri_idl/lib:/home/genisis/Boneparte/install/fri_client_sdk/lib:${LD_LIBRARY_PATH} PKG_CONFIG_PATH=/home/genisis/Boneparte/install/fri_client_sdk/lib/x86_64-linux-gnu/pkgconfig:/home/genisis/Boneparte/install/fri_client_sdk/lib/pkgconfig PYTHONPATH=/home/genisis/Boneparte/install/lbr_fri_idl/local/lib/python3.10/dist-packages:${PYTHONPATH} /usr/bin/cmake --install /home/genisis/Boneparte/build/lbr_fri_ros2
[20.512s] -- Install configuration: "Release"
[20.512s] -- Execute custom install script
[20.512s] -- Symlinking: /home/genisis/Boneparte/install/lbr_fri_ros2/share/lbr_fri_ros2/environment/library_path.sh
[20.521s] -- Symlinking: /home/genisis/Boneparte/install/lbr_fri_ros2/share/lbr_fri_ros2/environment/library_path.dsv
[20.530s] -- Symlinking: /home/genisis/Boneparte/install/lbr_fri_ros2/include/lbr_fri_ros2/app.hpp
[20.537s] -- Symlinking: /home/genisis/Boneparte/install/lbr_fri_ros2/include/lbr_fri_ros2/async_client.hpp
[20.545s] -- Symlinking: /home/genisis/Boneparte/install/lbr_fri_ros2/include/lbr_fri_ros2/command_guard.hpp
[20.553s] -- Symlinking: /home/genisis/Boneparte/install/lbr_fri_ros2/include/lbr_fri_ros2/control.hpp
[20.561s] -- Symlinking: /home/genisis/Boneparte/install/lbr_fri_ros2/include/lbr_fri_ros2/filters.hpp
[20.569s] -- Symlinking: /home/genisis/Boneparte/install/lbr_fri_ros2/include/lbr_fri_ros2/formatting.hpp
[20.577s] -- Symlinking: /home/genisis/Boneparte/install/lbr_fri_ros2/include/lbr_fri_ros2/ft_estimator.hpp
[20.585s] -- Symlinking: /home/genisis/Boneparte/install/lbr_fri_ros2/include/lbr_fri_ros2/interfaces/base_command.hpp
[20.592s] -- Symlinking: /home/genisis/Boneparte/install/lbr_fri_ros2/include/lbr_fri_ros2/interfaces/position_command.hpp
[20.600s] -- Symlinking: /home/genisis/Boneparte/install/lbr_fri_ros2/include/lbr_fri_ros2/interfaces/state.hpp
[20.608s] -- Symlinking: /home/genisis/Boneparte/install/lbr_fri_ros2/include/lbr_fri_ros2/interfaces/torque_command.hpp
[20.615s] -- Symlinking: /home/genisis/Boneparte/install/lbr_fri_ros2/include/lbr_fri_ros2/interfaces/wrench_command.hpp
[20.623s] -- Symlinking: /home/genisis/Boneparte/install/lbr_fri_ros2/include/lbr_fri_ros2/kinematics.hpp
[20.630s] -- Symlinking: /home/genisis/Boneparte/install/lbr_fri_ros2/include/lbr_fri_ros2/pinv.hpp
[20.638s] -- Symlinking: /home/genisis/Boneparte/install/lbr_fri_ros2/include/lbr_fri_ros2/types.hpp
[20.646s] -- Symlinking: /home/genisis/Boneparte/install/lbr_fri_ros2/include/lbr_fri_ros2/utils.hpp
[20.653s] -- Symlinking: /home/genisis/Boneparte/install/lbr_fri_ros2/include/lbr_fri_ros2/worker.hpp
[20.661s] -- Symlinking: /home/genisis/Boneparte/install/lbr_fri_ros2/share/ament_index/resource_index/package_run_dependencies/lbr_fri_ros2
[20.669s] -- Symlinking: /home/genisis/Boneparte/install/lbr_fri_ros2/share/ament_index/resource_index/parent_prefix_path/lbr_fri_ros2
[20.676s] -- Symlinking: /home/genisis/Boneparte/install/lbr_fri_ros2/share/lbr_fri_ros2/environment/ament_prefix_path.sh
[20.684s] -- Symlinking: /home/genisis/Boneparte/install/lbr_fri_ros2/share/lbr_fri_ros2/environment/ament_prefix_path.dsv
[20.691s] -- Symlinking: /home/genisis/Boneparte/install/lbr_fri_ros2/share/lbr_fri_ros2/environment/path.sh
[20.699s] -- Symlinking: /home/genisis/Boneparte/install/lbr_fri_ros2/share/lbr_fri_ros2/environment/path.dsv
[20.707s] -- Symlinking: /home/genisis/Boneparte/install/lbr_fri_ros2/share/lbr_fri_ros2/local_setup.bash
[20.715s] -- Symlinking: /home/genisis/Boneparte/install/lbr_fri_ros2/share/lbr_fri_ros2/local_setup.sh
[20.722s] -- Symlinking: /home/genisis/Boneparte/install/lbr_fri_ros2/share/lbr_fri_ros2/local_setup.zsh
[20.730s] -- Symlinking: /home/genisis/Boneparte/install/lbr_fri_ros2/share/lbr_fri_ros2/local_setup.dsv
[20.737s] -- Symlinking: /home/genisis/Boneparte/install/lbr_fri_ros2/share/lbr_fri_ros2/package.dsv
[20.745s] -- Symlinking: /home/genisis/Boneparte/install/lbr_fri_ros2/share/ament_index/resource_index/packages/lbr_fri_ros2
[20.753s] -- Symlinking: /home/genisis/Boneparte/install/lbr_fri_ros2/share/lbr_fri_ros2/cmake/ament_cmake_export_targets-extras.cmake
[20.760s] -- Symlinking: /home/genisis/Boneparte/install/lbr_fri_ros2/share/lbr_fri_ros2/cmake/ament_cmake_export_dependencies-extras.cmake
[20.768s] -- Symlinking: /home/genisis/Boneparte/install/lbr_fri_ros2/share/lbr_fri_ros2/cmake/lbr_fri_ros2Config.cmake
[20.776s] -- Symlinking: /home/genisis/Boneparte/install/lbr_fri_ros2/share/lbr_fri_ros2/cmake/lbr_fri_ros2Config-version.cmake
[20.783s] -- Symlinking: /home/genisis/Boneparte/install/lbr_fri_ros2/share/lbr_fri_ros2/package.xml
[20.791s] -- Installing: /home/genisis/Boneparte/install/lbr_fri_ros2/lib/liblbr_fri_ros2.so
[20.792s] -- Set runtime path of "/home/genisis/Boneparte/install/lbr_fri_ros2/lib/liblbr_fri_ros2.so" to ""
[20.792s] -- Installing: /home/genisis/Boneparte/install/lbr_fri_ros2/share/lbr_fri_ros2/cmake/lbr_fri_ros2_exportExport.cmake
[20.792s] -- Installing: /home/genisis/Boneparte/install/lbr_fri_ros2/share/lbr_fri_ros2/cmake/lbr_fri_ros2_exportExport-release.cmake
[20.795s] Invoked command in '/home/genisis/Boneparte/build/lbr_fri_ros2' returned '0': AMENT_PREFIX_PATH=/home/genisis/Boneparte/install/lbr_fri_idl:/home/genisis/Boneparte/install/lbr_description:${AMENT_PREFIX_PATH} CMAKE_PREFIX_PATH=/home/genisis/Boneparte/install/lbr_fri_idl:/home/genisis/Boneparte/install/lbr_description:/home/genisis/Boneparte/install/fri_client_sdk:/opt/ros/humble LD_LIBRARY_PATH=/home/genisis/Boneparte/install/lbr_fri_idl/lib:/home/genisis/Boneparte/install/fri_client_sdk/lib:${LD_LIBRARY_PATH} PKG_CONFIG_PATH=/home/genisis/Boneparte/install/fri_client_sdk/lib/x86_64-linux-gnu/pkgconfig:/home/genisis/Boneparte/install/fri_client_sdk/lib/pkgconfig PYTHONPATH=/home/genisis/Boneparte/install/lbr_fri_idl/local/lib/python3.10/dist-packages:${PYTHONPATH} /usr/bin/cmake --install /home/genisis/Boneparte/build/lbr_fri_ros2
