[0.009s] Invoking command in '/home/genisis/Boneparte/build/kuka_med_moveit_cpp': /usr/bin/cmake /home/genisis/Boneparte/src/manipulation/kuka_med_moveit_cpp -DAMENT_CMAKE_SYMLINK_INSTALL=1 -DCMAKE_INSTALL_PREFIX=/home/genisis/Boneparte/install/kuka_med_moveit_cpp
[0.063s] -- The C compiler identification is GNU 11.4.0
[0.115s] -- The CXX compiler identification is GNU 11.4.0
[0.121s] -- Detecting C compiler ABI info
[0.181s] -- Detecting C compiler ABI info - done
[0.195s] -- Check for working C compiler: /usr/bin/cc - skipped
[0.195s] -- Detecting C compile features
[0.195s] -- Detecting C compile features - done
[0.200s] -- Detecting CXX compiler ABI info
[0.284s] -- Detecting CXX compiler ABI info - done
[0.297s] -- Check for working CXX compiler: /usr/bin/c++ - skipped
[0.297s] -- Detecting CXX compile features
[0.298s] -- Detecting CXX compile features - done
[0.311s] [31mCMake Error at CMakeLists.txt:9 (find_package):
[0.311s]   By not providing "Findament_cmake.cmake" in CMAKE_MODULE_PATH this project
[0.311s]   has asked CMake to find a package configuration file provided by
[0.311s]   "ament_cmake", but CMake did not find one.
[0.312s] 
[0.312s]   Could not find a package configuration file provided by "ament_cmake" with
[0.312s]   any of the following names:
[0.312s] 
[0.312s]     ament_cmakeConfig.cmake
[0.312s]     ament_cmake-config.cmake
[0.312s] 
[0.312s]   Add the installation prefix of "ament_cmake" to CMAKE_PREFIX_PATH or set
[0.312s]   "ament_cmake_DIR" to a directory containing one of the above files.  If
[0.312s]   "ament_cmake" provides a separate development package or SDK, be sure it
[0.313s]   has been installed.
[0.313s] 
[0.313s] [0m
[0.313s] -- Configuring incomplete, errors occurred!
[0.313s] See also "/home/genisis/Boneparte/build/kuka_med_moveit_cpp/CMakeFiles/CMakeOutput.log".
[0.316s] Invoked command in '/home/genisis/Boneparte/build/kuka_med_moveit_cpp' returned '1': /usr/bin/cmake /home/genisis/Boneparte/src/manipulation/kuka_med_moveit_cpp -DAMENT_CMAKE_SYMLINK_INSTALL=1 -DCMAKE_INSTALL_PREFIX=/home/genisis/Boneparte/install/kuka_med_moveit_cpp
