[0.080s] Invoking command in '/mnt/c/Users/12693/Desktop/Boneparte/build/lbr_description': CMAKE_PREFIX_PATH=${CMAKE_PREFIX_PATH}:/opt/ros/humble CONDA_PROMPT_MODIFIER=(base) /usr/bin/cmake --build /mnt/c/Users/12693/Desktop/Boneparte/build/lbr_description -- -j4 -l4
[0.223s] Invoked command in '/mnt/c/Users/12693/Desktop/Boneparte/build/lbr_description' returned '0': CMAKE_PREFIX_PATH=${CMAKE_PREFIX_PATH}:/opt/ros/humble CONDA_PROMPT_MODIFIER=(base) /usr/bin/cmake --build /mnt/c/Users/12693/Desktop/Boneparte/build/lbr_description -- -j4 -l4
[0.253s] Invoking command in '/mnt/c/Users/12693/Desktop/Boneparte/build/lbr_description': CMAKE_PREFIX_PATH=${CMAKE_PREFIX_PATH}:/opt/ros/humble CONDA_PROMPT_MODIFIER=(base) /usr/bin/cmake --install /mnt/c/Users/12693/Desktop/Boneparte/build/lbr_description
[0.263s] -- Install configuration: ""
[0.278s] -- Up-to-date: /mnt/c/Users/12693/Desktop/Boneparte/install/lbr_description/share/lbr_description/gazebo
[0.313s] -- Up-to-date: /mnt/c/Users/12693/Desktop/Boneparte/install/lbr_description/share/lbr_description/gazebo/lbr_gazebo.xacro
[0.331s] -- Up-to-date: /mnt/c/Users/12693/Desktop/Boneparte/install/lbr_description/share/lbr_description/meshes
[0.359s] -- Up-to-date: /mnt/c/Users/12693/Desktop/Boneparte/install/lbr_description/share/lbr_description/meshes/iiwa14
[0.392s] -- Up-to-date: /mnt/c/Users/12693/Desktop/Boneparte/install/lbr_description/share/lbr_description/meshes/iiwa14/collision
[0.438s] -- Up-to-date: /mnt/c/Users/12693/Desktop/Boneparte/install/lbr_description/share/lbr_description/meshes/iiwa14/collision/link_0.stl
[0.478s] -- Up-to-date: /mnt/c/Users/12693/Desktop/Boneparte/install/lbr_description/share/lbr_description/meshes/iiwa14/collision/link_1.stl
[0.520s] -- Up-to-date: /mnt/c/Users/12693/Desktop/Boneparte/install/lbr_description/share/lbr_description/meshes/iiwa14/collision/link_2.stl
[0.557s] -- Up-to-date: /mnt/c/Users/12693/Desktop/Boneparte/install/lbr_description/share/lbr_description/meshes/iiwa14/collision/link_3.stl
[0.596s] -- Up-to-date: /mnt/c/Users/12693/Desktop/Boneparte/install/lbr_description/share/lbr_description/meshes/iiwa14/collision/link_4.stl
[0.636s] -- Up-to-date: /mnt/c/Users/12693/Desktop/Boneparte/install/lbr_description/share/lbr_description/meshes/iiwa14/collision/link_5.stl
[0.673s] -- Up-to-date: /mnt/c/Users/12693/Desktop/Boneparte/install/lbr_description/share/lbr_description/meshes/iiwa14/collision/link_6.stl
[0.713s] -- Up-to-date: /mnt/c/Users/12693/Desktop/Boneparte/install/lbr_description/share/lbr_description/meshes/iiwa14/collision/link_7.stl
[0.739s] -- Up-to-date: /mnt/c/Users/12693/Desktop/Boneparte/install/lbr_description/share/lbr_description/meshes/iiwa14/visual
[0.791s] -- Up-to-date: /mnt/c/Users/12693/Desktop/Boneparte/install/lbr_description/share/lbr_description/meshes/iiwa14/visual/link_0.dae
[0.830s] -- Up-to-date: /mnt/c/Users/12693/Desktop/Boneparte/install/lbr_description/share/lbr_description/meshes/iiwa14/visual/link_1.dae
[0.868s] -- Up-to-date: /mnt/c/Users/12693/Desktop/Boneparte/install/lbr_description/share/lbr_description/meshes/iiwa14/visual/link_2.dae
[0.903s] -- Up-to-date: /mnt/c/Users/12693/Desktop/Boneparte/install/lbr_description/share/lbr_description/meshes/iiwa14/visual/link_3.dae
[0.938s] -- Up-to-date: /mnt/c/Users/12693/Desktop/Boneparte/install/lbr_description/share/lbr_description/meshes/iiwa14/visual/link_4.dae
[0.971s] -- Up-to-date: /mnt/c/Users/12693/Desktop/Boneparte/install/lbr_description/share/lbr_description/meshes/iiwa14/visual/link_5.dae
[1.006s] -- Up-to-date: /mnt/c/Users/12693/Desktop/Boneparte/install/lbr_description/share/lbr_description/meshes/iiwa14/visual/link_6.dae
[1.041s] -- Up-to-date: /mnt/c/Users/12693/Desktop/Boneparte/install/lbr_description/share/lbr_description/meshes/iiwa14/visual/link_7.dae
[1.063s] -- Up-to-date: /mnt/c/Users/12693/Desktop/Boneparte/install/lbr_description/share/lbr_description/meshes/iiwa7
[1.094s] -- Up-to-date: /mnt/c/Users/12693/Desktop/Boneparte/install/lbr_description/share/lbr_description/meshes/iiwa7/collision
[1.139s] -- Up-to-date: /mnt/c/Users/12693/Desktop/Boneparte/install/lbr_description/share/lbr_description/meshes/iiwa7/collision/link_0.stl
[1.172s] -- Up-to-date: /mnt/c/Users/12693/Desktop/Boneparte/install/lbr_description/share/lbr_description/meshes/iiwa7/collision/link_1.stl
[1.204s] -- Up-to-date: /mnt/c/Users/12693/Desktop/Boneparte/install/lbr_description/share/lbr_description/meshes/iiwa7/collision/link_2.stl
[1.239s] -- Up-to-date: /mnt/c/Users/12693/Desktop/Boneparte/install/lbr_description/share/lbr_description/meshes/iiwa7/collision/link_3.stl
[1.274s] -- Up-to-date: /mnt/c/Users/12693/Desktop/Boneparte/install/lbr_description/share/lbr_description/meshes/iiwa7/collision/link_4.stl
[1.310s] -- Up-to-date: /mnt/c/Users/12693/Desktop/Boneparte/install/lbr_description/share/lbr_description/meshes/iiwa7/collision/link_5.stl
[1.346s] -- Up-to-date: /mnt/c/Users/12693/Desktop/Boneparte/install/lbr_description/share/lbr_description/meshes/iiwa7/collision/link_6.stl
[1.381s] -- Up-to-date: /mnt/c/Users/12693/Desktop/Boneparte/install/lbr_description/share/lbr_description/meshes/iiwa7/collision/link_7.stl
[1.405s] -- Up-to-date: /mnt/c/Users/12693/Desktop/Boneparte/install/lbr_description/share/lbr_description/meshes/iiwa7/visual
[1.445s] -- Up-to-date: /mnt/c/Users/12693/Desktop/Boneparte/install/lbr_description/share/lbr_description/meshes/iiwa7/visual/link_0.dae
[1.476s] -- Up-to-date: /mnt/c/Users/12693/Desktop/Boneparte/install/lbr_description/share/lbr_description/meshes/iiwa7/visual/link_1.dae
[1.511s] -- Up-to-date: /mnt/c/Users/12693/Desktop/Boneparte/install/lbr_description/share/lbr_description/meshes/iiwa7/visual/link_2.dae
[1.544s] -- Up-to-date: /mnt/c/Users/12693/Desktop/Boneparte/install/lbr_description/share/lbr_description/meshes/iiwa7/visual/link_3.dae
[1.577s] -- Up-to-date: /mnt/c/Users/12693/Desktop/Boneparte/install/lbr_description/share/lbr_description/meshes/iiwa7/visual/link_4.dae
[1.609s] -- Up-to-date: /mnt/c/Users/12693/Desktop/Boneparte/install/lbr_description/share/lbr_description/meshes/iiwa7/visual/link_5.dae
[1.642s] -- Up-to-date: /mnt/c/Users/12693/Desktop/Boneparte/install/lbr_description/share/lbr_description/meshes/iiwa7/visual/link_6.dae
[1.675s] -- Up-to-date: /mnt/c/Users/12693/Desktop/Boneparte/install/lbr_description/share/lbr_description/meshes/iiwa7/visual/link_7.dae
[1.696s] -- Up-to-date: /mnt/c/Users/12693/Desktop/Boneparte/install/lbr_description/share/lbr_description/meshes/med14
[1.723s] -- Up-to-date: /mnt/c/Users/12693/Desktop/Boneparte/install/lbr_description/share/lbr_description/meshes/med14/collision
[1.765s] -- Up-to-date: /mnt/c/Users/12693/Desktop/Boneparte/install/lbr_description/share/lbr_description/meshes/med14/collision/link_0.stl
[1.797s] -- Up-to-date: /mnt/c/Users/12693/Desktop/Boneparte/install/lbr_description/share/lbr_description/meshes/med14/collision/link_1.stl
[1.830s] -- Up-to-date: /mnt/c/Users/12693/Desktop/Boneparte/install/lbr_description/share/lbr_description/meshes/med14/collision/link_2.stl
[1.864s] -- Up-to-date: /mnt/c/Users/12693/Desktop/Boneparte/install/lbr_description/share/lbr_description/meshes/med14/collision/link_3.stl
[1.901s] -- Up-to-date: /mnt/c/Users/12693/Desktop/Boneparte/install/lbr_description/share/lbr_description/meshes/med14/collision/link_4.stl
[1.937s] -- Up-to-date: /mnt/c/Users/12693/Desktop/Boneparte/install/lbr_description/share/lbr_description/meshes/med14/collision/link_5.stl
[1.968s] -- Up-to-date: /mnt/c/Users/12693/Desktop/Boneparte/install/lbr_description/share/lbr_description/meshes/med14/collision/link_6.stl
[2.001s] -- Up-to-date: /mnt/c/Users/12693/Desktop/Boneparte/install/lbr_description/share/lbr_description/meshes/med14/collision/link_7.stl
[2.024s] -- Up-to-date: /mnt/c/Users/12693/Desktop/Boneparte/install/lbr_description/share/lbr_description/meshes/med14/visual
[2.065s] -- Up-to-date: /mnt/c/Users/12693/Desktop/Boneparte/install/lbr_description/share/lbr_description/meshes/med14/visual/link_0.dae
[2.099s] -- Up-to-date: /mnt/c/Users/12693/Desktop/Boneparte/install/lbr_description/share/lbr_description/meshes/med14/visual/link_1.dae
[2.134s] -- Up-to-date: /mnt/c/Users/12693/Desktop/Boneparte/install/lbr_description/share/lbr_description/meshes/med14/visual/link_2.dae
[2.166s] -- Up-to-date: /mnt/c/Users/12693/Desktop/Boneparte/install/lbr_description/share/lbr_description/meshes/med14/visual/link_3.dae
[2.197s] -- Up-to-date: /mnt/c/Users/12693/Desktop/Boneparte/install/lbr_description/share/lbr_description/meshes/med14/visual/link_4.dae
[2.230s] -- Up-to-date: /mnt/c/Users/12693/Desktop/Boneparte/install/lbr_description/share/lbr_description/meshes/med14/visual/link_5.dae
[2.267s] -- Up-to-date: /mnt/c/Users/12693/Desktop/Boneparte/install/lbr_description/share/lbr_description/meshes/med14/visual/link_6.dae
[2.298s] -- Up-to-date: /mnt/c/Users/12693/Desktop/Boneparte/install/lbr_description/share/lbr_description/meshes/med14/visual/link_7.dae
[2.319s] -- Up-to-date: /mnt/c/Users/12693/Desktop/Boneparte/install/lbr_description/share/lbr_description/meshes/med7
[2.349s] -- Up-to-date: /mnt/c/Users/12693/Desktop/Boneparte/install/lbr_description/share/lbr_description/meshes/med7/collision
[2.391s] -- Up-to-date: /mnt/c/Users/12693/Desktop/Boneparte/install/lbr_description/share/lbr_description/meshes/med7/collision/link_0.stl
[2.426s] -- Up-to-date: /mnt/c/Users/12693/Desktop/Boneparte/install/lbr_description/share/lbr_description/meshes/med7/collision/link_1.stl
[2.461s] -- Up-to-date: /mnt/c/Users/12693/Desktop/Boneparte/install/lbr_description/share/lbr_description/meshes/med7/collision/link_2.stl
[2.492s] -- Up-to-date: /mnt/c/Users/12693/Desktop/Boneparte/install/lbr_description/share/lbr_description/meshes/med7/collision/link_3.stl
[2.524s] -- Up-to-date: /mnt/c/Users/12693/Desktop/Boneparte/install/lbr_description/share/lbr_description/meshes/med7/collision/link_4.stl
[2.558s] -- Up-to-date: /mnt/c/Users/12693/Desktop/Boneparte/install/lbr_description/share/lbr_description/meshes/med7/collision/link_5.stl
[2.592s] -- Up-to-date: /mnt/c/Users/12693/Desktop/Boneparte/install/lbr_description/share/lbr_description/meshes/med7/collision/link_6.stl
[2.626s] -- Up-to-date: /mnt/c/Users/12693/Desktop/Boneparte/install/lbr_description/share/lbr_description/meshes/med7/collision/link_7.stl
[2.651s] -- Up-to-date: /mnt/c/Users/12693/Desktop/Boneparte/install/lbr_description/share/lbr_description/meshes/med7/visual
[2.695s] -- Up-to-date: /mnt/c/Users/12693/Desktop/Boneparte/install/lbr_description/share/lbr_description/meshes/med7/visual/link_0.dae
[2.727s] -- Up-to-date: /mnt/c/Users/12693/Desktop/Boneparte/install/lbr_description/share/lbr_description/meshes/med7/visual/link_1.dae
[2.760s] -- Up-to-date: /mnt/c/Users/12693/Desktop/Boneparte/install/lbr_description/share/lbr_description/meshes/med7/visual/link_2.dae
[2.795s] -- Up-to-date: /mnt/c/Users/12693/Desktop/Boneparte/install/lbr_description/share/lbr_description/meshes/med7/visual/link_3.dae
[2.831s] -- Up-to-date: /mnt/c/Users/12693/Desktop/Boneparte/install/lbr_description/share/lbr_description/meshes/med7/visual/link_4.dae
[2.866s] -- Up-to-date: /mnt/c/Users/12693/Desktop/Boneparte/install/lbr_description/share/lbr_description/meshes/med7/visual/link_5.dae
[2.898s] -- Up-to-date: /mnt/c/Users/12693/Desktop/Boneparte/install/lbr_description/share/lbr_description/meshes/med7/visual/link_6.dae
[2.932s] -- Up-to-date: /mnt/c/Users/12693/Desktop/Boneparte/install/lbr_description/share/lbr_description/meshes/med7/visual/link_7.dae
[2.953s] -- Up-to-date: /mnt/c/Users/12693/Desktop/Boneparte/install/lbr_description/share/lbr_description/ros2_control
[2.987s] -- Up-to-date: /mnt/c/Users/12693/Desktop/Boneparte/install/lbr_description/share/lbr_description/ros2_control/lbr_controllers.yaml
[3.018s] -- Up-to-date: /mnt/c/Users/12693/Desktop/Boneparte/install/lbr_description/share/lbr_description/ros2_control/lbr_system_config.yaml
[3.045s] -- Up-to-date: /mnt/c/Users/12693/Desktop/Boneparte/install/lbr_description/share/lbr_description/ros2_control/lbr_system_interface.xacro
[3.063s] -- Up-to-date: /mnt/c/Users/12693/Desktop/Boneparte/install/lbr_description/share/lbr_description/urdf
[3.089s] -- Up-to-date: /mnt/c/Users/12693/Desktop/Boneparte/install/lbr_description/share/lbr_description/urdf/iiwa14
[3.129s] -- Up-to-date: /mnt/c/Users/12693/Desktop/Boneparte/install/lbr_description/share/lbr_description/urdf/iiwa14/iiwa14.xacro
[3.160s] -- Up-to-date: /mnt/c/Users/12693/Desktop/Boneparte/install/lbr_description/share/lbr_description/urdf/iiwa14/iiwa14_description.xacro
[3.191s] -- Up-to-date: /mnt/c/Users/12693/Desktop/Boneparte/install/lbr_description/share/lbr_description/urdf/iiwa14/joint_limits.yaml
[3.213s] -- Up-to-date: /mnt/c/Users/12693/Desktop/Boneparte/install/lbr_description/share/lbr_description/urdf/iiwa7
[3.260s] -- Up-to-date: /mnt/c/Users/12693/Desktop/Boneparte/install/lbr_description/share/lbr_description/urdf/iiwa7/iiwa7.xacro
[3.291s] -- Up-to-date: /mnt/c/Users/12693/Desktop/Boneparte/install/lbr_description/share/lbr_description/urdf/iiwa7/iiwa7_description.xacro
[3.322s] -- Up-to-date: /mnt/c/Users/12693/Desktop/Boneparte/install/lbr_description/share/lbr_description/urdf/iiwa7/joint_limits.yaml
[3.344s] -- Up-to-date: /mnt/c/Users/12693/Desktop/Boneparte/install/lbr_description/share/lbr_description/urdf/med14
[3.391s] -- Up-to-date: /mnt/c/Users/12693/Desktop/Boneparte/install/lbr_description/share/lbr_description/urdf/med14/joint_limits.yaml
[3.424s] -- Up-to-date: /mnt/c/Users/12693/Desktop/Boneparte/install/lbr_description/share/lbr_description/urdf/med14/med14.xacro
[3.469s] -- Up-to-date: /mnt/c/Users/12693/Desktop/Boneparte/install/lbr_description/share/lbr_description/urdf/med14/med14_description.xacro
[3.492s] -- Up-to-date: /mnt/c/Users/12693/Desktop/Boneparte/install/lbr_description/share/lbr_description/urdf/med7
[3.541s] -- Up-to-date: /mnt/c/Users/12693/Desktop/Boneparte/install/lbr_description/share/lbr_description/urdf/med7/custom
[3.575s] -- Up-to-date: /mnt/c/Users/12693/Desktop/Boneparte/install/lbr_description/share/lbr_description/urdf/med7/custom/med7.xacro
[3.612s] -- Up-to-date: /mnt/c/Users/12693/Desktop/Boneparte/install/lbr_description/share/lbr_description/urdf/med7/custom/med7_description.xacro
[3.639s] -- Up-to-date: /mnt/c/Users/12693/Desktop/Boneparte/install/lbr_description/share/lbr_description/urdf/med7/Default
[3.686s] -- Up-to-date: /mnt/c/Users/12693/Desktop/Boneparte/install/lbr_description/share/lbr_description/urdf/med7/Default/med7.xacro
[3.722s] -- Up-to-date: /mnt/c/Users/12693/Desktop/Boneparte/install/lbr_description/share/lbr_description/urdf/med7/Default/med7_description.xacro
[3.754s] -- Up-to-date: /mnt/c/Users/12693/Desktop/Boneparte/install/lbr_description/share/lbr_description/urdf/med7/joint_limits.yaml
[3.785s] -- Up-to-date: /mnt/c/Users/12693/Desktop/Boneparte/install/lbr_description/share/lbr_description/urdf/med7/med7.xacro
[3.817s] -- Up-to-date: /mnt/c/Users/12693/Desktop/Boneparte/install/lbr_description/share/lbr_description/urdf/med7/med7_description.xacro
[3.848s] -- Up-to-date: /mnt/c/Users/12693/Desktop/Boneparte/install/lbr_description/share/lbr_description/environment/lbr_description.dsv
[3.886s] -- Up-to-date: /mnt/c/Users/12693/Desktop/Boneparte/install/lbr_description/share/ament_index/resource_index/package_run_dependencies/lbr_description
[3.926s] -- Up-to-date: /mnt/c/Users/12693/Desktop/Boneparte/install/lbr_description/share/ament_index/resource_index/parent_prefix_path/lbr_description
[3.949s] -- Up-to-date: /mnt/c/Users/12693/Desktop/Boneparte/install/lbr_description/share/lbr_description/environment/ament_prefix_path.sh
[3.973s] -- Up-to-date: /mnt/c/Users/12693/Desktop/Boneparte/install/lbr_description/share/lbr_description/environment/ament_prefix_path.dsv
[3.993s] -- Up-to-date: /mnt/c/Users/12693/Desktop/Boneparte/install/lbr_description/share/lbr_description/environment/path.sh
[4.018s] -- Up-to-date: /mnt/c/Users/12693/Desktop/Boneparte/install/lbr_description/share/lbr_description/environment/path.dsv
[4.040s] -- Up-to-date: /mnt/c/Users/12693/Desktop/Boneparte/install/lbr_description/share/lbr_description/local_setup.bash
[4.061s] -- Up-to-date: /mnt/c/Users/12693/Desktop/Boneparte/install/lbr_description/share/lbr_description/local_setup.sh
[4.080s] -- Up-to-date: /mnt/c/Users/12693/Desktop/Boneparte/install/lbr_description/share/lbr_description/local_setup.zsh
[4.096s] -- Up-to-date: /mnt/c/Users/12693/Desktop/Boneparte/install/lbr_description/share/lbr_description/local_setup.dsv
[4.114s] -- Up-to-date: /mnt/c/Users/12693/Desktop/Boneparte/install/lbr_description/share/lbr_description/package.dsv
[4.141s] -- Up-to-date: /mnt/c/Users/12693/Desktop/Boneparte/install/lbr_description/share/ament_index/resource_index/packages/lbr_description
[4.160s] -- Up-to-date: /mnt/c/Users/12693/Desktop/Boneparte/install/lbr_description/share/lbr_description/cmake/lbr_descriptionConfig.cmake
[4.177s] -- Up-to-date: /mnt/c/Users/12693/Desktop/Boneparte/install/lbr_description/share/lbr_description/cmake/lbr_descriptionConfig-version.cmake
[4.197s] -- Up-to-date: /mnt/c/Users/12693/Desktop/Boneparte/install/lbr_description/share/lbr_description/package.xml
