[0.013s] Invoking command in '/home/genisis/Boneparte/build/kuka_med_moveit_cpp': CMAKE_PREFIX_PATH=/opt/ros/humble /usr/bin/cmake /home/genisis/Boneparte/src/manipulation/kuka_med_moveit_cpp -DAMENT_CMAKE_SYMLINK_INSTALL=1 -DCMAKE_INSTALL_PREFIX=/home/genisis/Boneparte/install/kuka_med_moveit_cpp
[0.025s] -- Found ament_cmake: 1.3.11 (/opt/ros/humble/share/ament_cmake/cmake)
[0.270s] -- Found Python3: /usr/bin/python3 (found version "3.10.12") found components: Interpreter 
[0.395s] -- Override CMake install command with custom implementation using symlinks instead of copying resources
[0.426s] -- Found rclcpp: 16.0.11 (/opt/ros/humble/share/rclcpp/cmake)
[0.477s] -- Found rosidl_generator_c: 3.1.6 (/opt/ros/humble/share/rosidl_generator_c/cmake)
[0.483s] -- Found rosidl_adapter: 3.1.6 (/opt/ros/humble/share/rosidl_adapter/cmake)
[0.492s] -- Found rosidl_generator_cpp: 3.1.6 (/opt/ros/humble/share/rosidl_generator_cpp/cmake)
[0.504s] -- Using all available rosidl_typesupport_c: rosidl_typesupport_fastrtps_c;rosidl_typesupport_introspection_c
[0.520s] -- Using all available rosidl_typesupport_cpp: rosidl_typesupport_fastrtps_cpp;rosidl_typesupport_introspection_cpp
[0.567s] -- Found rmw_implementation_cmake: 6.1.2 (/opt/ros/humble/share/rmw_implementation_cmake/cmake)
[0.571s] -- Found rmw_cyclonedds_cpp: 1.3.4 (/opt/ros/humble/share/rmw_cyclonedds_cpp/cmake)
[0.595s] -- Using RMW implementation 'rmw_cyclonedds_cpp' as default
[0.607s] -- Looking for pthread.h
[0.676s] -- Looking for pthread.h - found
[0.677s] -- Performing Test CMAKE_HAVE_LIBC_PTHREAD
[0.749s] -- Performing Test CMAKE_HAVE_LIBC_PTHREAD - Success
[0.750s] -- Found Threads: TRUE  
[0.813s] -- Found rclpy: 3.3.15 (/opt/ros/humble/share/rclpy/cmake)
[0.814s] -- Found control_msgs: 4.7.0 (/opt/ros/humble/share/control_msgs/cmake)
[0.925s] -- Found ament_lint_auto: 0.12.11 (/opt/ros/humble/share/ament_lint_auto/cmake)
[1.026s] -- Added test 'flake8' to check Python code syntax and style conventions
[1.027s] -- Added test 'lint_cmake' to check CMake code style
[1.028s] -- Added test 'pep257' to check Python code against some of the docstring style conventions in PEP 257
[1.029s] -- Added test 'xmllint' to check XML markup files
[1.031s] -- Configuring done
[1.038s] -- Generating done
[1.041s] -- Build files have been written to: /home/genisis/Boneparte/build/kuka_med_moveit_cpp
[1.050s] Invoked command in '/home/genisis/Boneparte/build/kuka_med_moveit_cpp' returned '0': CMAKE_PREFIX_PATH=/opt/ros/humble /usr/bin/cmake /home/genisis/Boneparte/src/manipulation/kuka_med_moveit_cpp -DAMENT_CMAKE_SYMLINK_INSTALL=1 -DCMAKE_INSTALL_PREFIX=/home/genisis/Boneparte/install/kuka_med_moveit_cpp
[1.052s] Invoking command in '/home/genisis/Boneparte/build/kuka_med_moveit_cpp': CMAKE_PREFIX_PATH=/opt/ros/humble /usr/bin/cmake --build /home/genisis/Boneparte/build/kuka_med_moveit_cpp -- -j8 -l8
[1.105s] Invoked command in '/home/genisis/Boneparte/build/kuka_med_moveit_cpp' returned '0': CMAKE_PREFIX_PATH=/opt/ros/humble /usr/bin/cmake --build /home/genisis/Boneparte/build/kuka_med_moveit_cpp -- -j8 -l8
[1.108s] Invoking command in '/home/genisis/Boneparte/build/kuka_med_moveit_cpp': CMAKE_PREFIX_PATH=/opt/ros/humble /usr/bin/cmake --install /home/genisis/Boneparte/build/kuka_med_moveit_cpp
[1.117s] -- Install configuration: ""
[1.117s] -- Execute custom install script
[1.117s] -- Symlinking: /home/genisis/Boneparte/install/kuka_med_moveit_cpp/share/ament_index/resource_index/package_run_dependencies/kuka_med_moveit_cpp
[1.128s] -- Symlinking: /home/genisis/Boneparte/install/kuka_med_moveit_cpp/share/ament_index/resource_index/parent_prefix_path/kuka_med_moveit_cpp
[1.137s] -- Symlinking: /home/genisis/Boneparte/install/kuka_med_moveit_cpp/share/kuka_med_moveit_cpp/environment/ament_prefix_path.sh
[1.148s] -- Symlinking: /home/genisis/Boneparte/install/kuka_med_moveit_cpp/share/kuka_med_moveit_cpp/environment/ament_prefix_path.dsv
[1.160s] -- Symlinking: /home/genisis/Boneparte/install/kuka_med_moveit_cpp/share/kuka_med_moveit_cpp/environment/path.sh
[1.170s] -- Symlinking: /home/genisis/Boneparte/install/kuka_med_moveit_cpp/share/kuka_med_moveit_cpp/environment/path.dsv
[1.181s] -- Symlinking: /home/genisis/Boneparte/install/kuka_med_moveit_cpp/share/kuka_med_moveit_cpp/local_setup.bash
[1.193s] -- Symlinking: /home/genisis/Boneparte/install/kuka_med_moveit_cpp/share/kuka_med_moveit_cpp/local_setup.sh
[1.201s] -- Symlinking: /home/genisis/Boneparte/install/kuka_med_moveit_cpp/share/kuka_med_moveit_cpp/local_setup.zsh
[1.210s] -- Symlinking: /home/genisis/Boneparte/install/kuka_med_moveit_cpp/share/kuka_med_moveit_cpp/local_setup.dsv
[1.219s] -- Symlinking: /home/genisis/Boneparte/install/kuka_med_moveit_cpp/share/kuka_med_moveit_cpp/package.dsv
[1.227s] -- Symlinking: /home/genisis/Boneparte/install/kuka_med_moveit_cpp/share/ament_index/resource_index/packages/kuka_med_moveit_cpp
[1.235s] -- Symlinking: /home/genisis/Boneparte/install/kuka_med_moveit_cpp/share/kuka_med_moveit_cpp/cmake/kuka_med_moveit_cppConfig.cmake
[1.243s] -- Symlinking: /home/genisis/Boneparte/install/kuka_med_moveit_cpp/share/kuka_med_moveit_cpp/cmake/kuka_med_moveit_cppConfig-version.cmake
[1.251s] -- Symlinking: /home/genisis/Boneparte/install/kuka_med_moveit_cpp/share/kuka_med_moveit_cpp/package.xml
[1.259s] -- Symlinking: /home/genisis/Boneparte/install/kuka_med_moveit_cpp/lib/kuka_med_moveit_cpp/moveit_point_to_point.py
[1.269s] Invoked command in '/home/genisis/Boneparte/build/kuka_med_moveit_cpp' returned '0': CMAKE_PREFIX_PATH=/opt/ros/humble /usr/bin/cmake --install /home/genisis/Boneparte/build/kuka_med_moveit_cpp
