[0.013s] Invoking command in '/home/genisis/Boneparte/build/fri_client_sdk': CMAKE_PREFIX_PATH=/opt/ros/humble /usr/bin/cmake --build /home/genisis/Boneparte/build/fri_client_sdk -- -j8 -l8
[0.061s] [ 15%] [32mBuilding CXX object CMakeFiles/FRIClient.dir/FRI-Client-SDK_Cpp/src/client_lbr/friLBRClient.cpp.o[0m
[0.061s] [  7%] [32mBuilding CXX object CMakeFiles/FRIClient.dir/FRI-Client-SDK_Cpp/src/client_lbr/friLBRState.cpp.o[0m
[0.062s] [ 23%] [32mBuilding CXX object CMakeFiles/FRIClient.dir/FRI-Client-SDK_Cpp/src/client_lbr/friLBRCommand.cpp.o[0m
[0.062s] [ 30%] [32mBuilding CXX object CMakeFiles/FRIClient.dir/FRI-Client-SDK_Cpp/src/base/friClientApplication.cpp.o[0m
[0.072s] [ 46%] [32mBuilding CXX object CMakeFiles/FRIClient.dir/FRI-Client-SDK_Cpp/src/client_trafo/friTransformationClient.cpp.o[0m
[0.073s] [ 46%] [32mBuilding CXX object CMakeFiles/FRIClient.dir/FRI-Client-SDK_Cpp/src/connection/friUdpConnection.cpp.o[0m
[0.078s] [ 53%] [32mBuilding CXX object CMakeFiles/FRIClient.dir/FRI-Client-SDK_Cpp/src/protobuf/friCommandMessageEncoder.cpp.o[0m
[0.078s] [ 61%] [32mBuilding CXX object CMakeFiles/FRIClient.dir/FRI-Client-SDK_Cpp/src/protobuf/friMonitoringMessageDecoder.cpp.o[0m
[0.224s] [ 69%] [32mBuilding C object CMakeFiles/FRIClient.dir/FRI-Client-SDK_Cpp/src/protobuf/pb_frimessages_callbacks.c.o[0m
[0.248s] [ 76%] [32mBuilding C object CMakeFiles/FRIClient.dir/FRI-Client-SDK_Cpp/src/protobuf_gen/FRIMessages.pb.c.o[0m
[0.268s] [ 84%] [32mBuilding C object CMakeFiles/FRIClient.dir/FRI-Client-SDK_Cpp/src/nanopb-0.2.8/pb_decode.c.o[0m
[0.313s] [ 92%] [32mBuilding C object CMakeFiles/FRIClient.dir/FRI-Client-SDK_Cpp/src/nanopb-0.2.8/pb_encode.c.o[0m
[0.496s] [100%] [32m[1mLinking CXX shared library libFRIClient.so[0m
[0.577s] [100%] Built target FRIClient
[0.588s] Invoked command in '/home/genisis/Boneparte/build/fri_client_sdk' returned '0': CMAKE_PREFIX_PATH=/opt/ros/humble /usr/bin/cmake --build /home/genisis/Boneparte/build/fri_client_sdk -- -j8 -l8
[0.597s] Invoking command in '/home/genisis/Boneparte/build/fri_client_sdk': CMAKE_PREFIX_PATH=/opt/ros/humble /usr/bin/cmake --install /home/genisis/Boneparte/build/fri_client_sdk
[0.604s] -- Install configuration: "Release"
[0.604s] -- Installing: /home/genisis/Boneparte/install/fri_client_sdk/lib/libFRIClient.so
[0.605s] -- Installing: /home/genisis/Boneparte/install/fri_client_sdk/include
[0.605s] -- Installing: /home/genisis/Boneparte/install/fri_client_sdk/include/friClientApplication.h
[0.605s] -- Installing: /home/genisis/Boneparte/install/fri_client_sdk/include/friClientIf.h
[0.605s] -- Installing: /home/genisis/Boneparte/install/fri_client_sdk/include/friLBRClient.h
[0.605s] -- Installing: /home/genisis/Boneparte/install/fri_client_sdk/include/friException.h
[0.605s] -- Installing: /home/genisis/Boneparte/install/fri_client_sdk/include/friLBRState.h
[0.606s] -- Installing: /home/genisis/Boneparte/install/fri_client_sdk/include/friClientVersion.h
[0.606s] -- Installing: /home/genisis/Boneparte/install/fri_client_sdk/include/friUdpConnection.h
[0.606s] -- Installing: /home/genisis/Boneparte/install/fri_client_sdk/include/friLBRCommand.h
[0.607s] -- Installing: /home/genisis/Boneparte/install/fri_client_sdk/include/friConnectionIf.h
[0.607s] -- Installing: /home/genisis/Boneparte/install/fri_client_sdk/include/friTransformationClient.h
[0.607s] -- Installing: /home/genisis/Boneparte/install/fri_client_sdk/lib/cmake/FRIClient/FRIClientConfig.cmake
[0.607s] -- Installing: /home/genisis/Boneparte/install/fri_client_sdk/lib/cmake/FRIClient/FRIClientConfig-release.cmake
[0.607s] -- Installing: /home/genisis/Boneparte/install/fri_client_sdk/lib/cmake/FRIClient/FRIClientConfigVersion.cmake
[0.609s] Invoked command in '/home/genisis/Boneparte/build/fri_client_sdk' returned '0': CMAKE_PREFIX_PATH=/opt/ros/humble /usr/bin/cmake --install /home/genisis/Boneparte/build/fri_client_sdk
